     1 00000000                                 [FORMAT "WCOFF"]
     2 00000000                                 [INSTRSET "i486p"]
     3 00000000                                 [OPTIMIZE 1]
     4 00000000                                 [OPTION 1]
     5 00000000                                 [BITS 32]
     6 00000000                                 	EXTERN	_table_rgb.0
     7 00000000                                 	EXTERN	_io_load_eflags
     8 00000000                                 	EXTERN	_io_cli
     9 00000000                                 	EXTERN	_io_out8
    10 00000000                                 	EXTERN	_io_store_eflags
    11 00000000                                 	EXTERN	_hankaku
    12 00000000                                 [FILE "graphic.c"]
    13                                          [SECTION .data]
    14 00000000                                 _table_rgb.0:
    15 00000000 00                              	DB	0
    16 00000001 00                              	DB	0
    17 00000002 00                              	DB	0
    18 00000003 FF                              	DB	-1
    19 00000004 00                              	DB	0
    20 00000005 00                              	DB	0
    21 00000006 00                              	DB	0
    22 00000007 FF                              	DB	-1
    23 00000008 00                              	DB	0
    24 00000009 FF                              	DB	-1
    25 0000000A FF                              	DB	-1
    26 0000000B 00                              	DB	0
    27 0000000C 00                              	DB	0
    28 0000000D 00                              	DB	0
    29 0000000E FF                              	DB	-1
    30 0000000F FF                              	DB	-1
    31 00000010 00                              	DB	0
    32 00000011 FF                              	DB	-1
    33 00000012 00                              	DB	0
    34 00000013 FF                              	DB	-1
    35 00000014 FF                              	DB	-1
    36 00000015 FF                              	DB	-1
    37 00000016 FF                              	DB	-1
    38 00000017 FF                              	DB	-1
    39 00000018 C6                              	DB	-58
    40 00000019 C6                              	DB	-58
    41 0000001A C6                              	DB	-58
    42 0000001B 84                              	DB	-124
    43 0000001C 00                              	DB	0
    44 0000001D 00                              	DB	0
    45 0000001E 00                              	DB	0
    46 0000001F 84                              	DB	-124
    47 00000020 00                              	DB	0
    48 00000021 84                              	DB	-124
    49 00000022 84                              	DB	-124
    50 00000023 00                              	DB	0
    51 00000024 00                              	DB	0
    52 00000025 00                              	DB	0
    53 00000026 84                              	DB	-124
    54 00000027 84                              	DB	-124
    55 00000028 00                              	DB	0
    56 00000029 84                              	DB	-124
    57 0000002A 00                              	DB	0
    58 0000002B 84                              	DB	-124
    59 0000002C 84                              	DB	-124
    60 0000002D 84                              	DB	-124
    61 0000002E 84                              	DB	-124
    62 0000002F 84                              	DB	-124
    63                                          [SECTION .text]
    64 00000000                                 	GLOBAL	_init_palette
    65 00000000                                 _init_palette:
    66 00000000 55                              	PUSH	EBP
    67 00000001 89 E5                           	MOV	EBP,ESP
    68 00000003 68 [00000000]                   	PUSH	_table_rgb.0
    69 00000008 6A 0F                           	PUSH	15
    70 0000000A 6A 00                           	PUSH	0
    71 0000000C E8 00000002                     	CALL	_set_palette
    72 00000011 C9                              	LEAVE
    73 00000012 C3                              	RET
    74 00000013                                 	GLOBAL	_set_palette
    75 00000013                                 _set_palette:
    76 00000013 55                              	PUSH	EBP
    77 00000014 89 E5                           	MOV	EBP,ESP
    78 00000016 57                              	PUSH	EDI
    79 00000017 56                              	PUSH	ESI
    80 00000018 53                              	PUSH	EBX
    81 00000019 51                              	PUSH	ECX
    82 0000001A 8B 5D 08                        	MOV	EBX,DWORD [8+EBP]
    83 0000001D 8B 7D 0C                        	MOV	EDI,DWORD [12+EBP]
    84 00000020 8B 75 10                        	MOV	ESI,DWORD [16+EBP]
    85 00000023 E8 [00000000]                   	CALL	_io_load_eflags
    86 00000028 89 45 F0                        	MOV	DWORD [-16+EBP],EAX
    87 0000002B E8 [00000000]                   	CALL	_io_cli
    88 00000030 53                              	PUSH	EBX
    89 00000031 68 000003C8                     	PUSH	968
    90 00000036 E8 [00000000]                   	CALL	_io_out8
    91 0000003B 39 FB                           	CMP	EBX,EDI
    92 0000003D 58                              	POP	EAX
    93 0000003E 5A                              	POP	EDX
    94 0000003F 7E 12                           	JLE	L7
    95 00000041                                 L9:
    96 00000041 8B 45 F0                        	MOV	EAX,DWORD [-16+EBP]
    97 00000044 89 45 08                        	MOV	DWORD [8+EBP],EAX
    98 00000047 8D 65 F4                        	LEA	ESP,DWORD [-12+EBP]
    99 0000004A 5B                              	POP	EBX
   100 0000004B 5E                              	POP	ESI
   101 0000004C 5F                              	POP	EDI
   102 0000004D 5D                              	POP	EBP
   103 0000004E E9 [00000000]                   	JMP	_io_store_eflags
   104 00000053                                 L7:
   105 00000053 8A 06                           	MOV	AL,BYTE [ESI]
   106 00000055 43                              	INC	EBX
   107 00000056 C0 E8 02                        	SHR	AL,2
   108 00000059 0F B6 C0                        	MOVZX	EAX,AL
   109 0000005C 50                              	PUSH	EAX
   110 0000005D 68 000003C9                     	PUSH	969
   111 00000062 E8 [00000000]                   	CALL	_io_out8
   112 00000067 8A 46 01                        	MOV	AL,BYTE [1+ESI]
   113 0000006A C0 E8 02                        	SHR	AL,2
   114 0000006D 0F B6 C0                        	MOVZX	EAX,AL
   115 00000070 50                              	PUSH	EAX
   116 00000071 68 000003C9                     	PUSH	969
   117 00000076 E8 [00000000]                   	CALL	_io_out8
   118 0000007B 8A 46 02                        	MOV	AL,BYTE [2+ESI]
   119 0000007E C0 E8 02                        	SHR	AL,2
   120 00000081 83 C6 03                        	ADD	ESI,3
   121 00000084 0F B6 C0                        	MOVZX	EAX,AL
   122 00000087 50                              	PUSH	EAX
   123 00000088 68 000003C9                     	PUSH	969
   124 0000008D E8 [00000000]                   	CALL	_io_out8
   125 00000092 83 C4 18                        	ADD	ESP,24
   126 00000095 39 FB                           	CMP	EBX,EDI
   127 00000097 7E BA                           	JLE	L7
   128 00000099 EB A6                           	JMP	L9
   129 0000009B                                 	GLOBAL	_boxfill8
   130 0000009B                                 _boxfill8:
   131 0000009B 55                              	PUSH	EBP
   132 0000009C 89 E5                           	MOV	EBP,ESP
   133 0000009E 57                              	PUSH	EDI
   134 0000009F 56                              	PUSH	ESI
   135 000000A0 53                              	PUSH	EBX
   136 000000A1 57                              	PUSH	EDI
   137 000000A2 57                              	PUSH	EDI
   138 000000A3 8A 45 10                        	MOV	AL,BYTE [16+EBP]
   139 000000A6 8B 4D 18                        	MOV	ECX,DWORD [24+EBP]
   140 000000A9 8B 7D 1C                        	MOV	EDI,DWORD [28+EBP]
   141 000000AC 88 45 F3                        	MOV	BYTE [-13+EBP],AL
   142 000000AF 3B 4D 20                        	CMP	ECX,DWORD [32+EBP]
   143 000000B2 7F 31                           	JG	L22
   144 000000B4 8B 5D 0C                        	MOV	EBX,DWORD [12+EBP]
   145 000000B7 0F AF D9                        	IMUL	EBX,ECX
   146 000000BA                                 L20:
   147 000000BA 8B 55 14                        	MOV	EDX,DWORD [20+EBP]
   148 000000BD 39 FA                           	CMP	EDX,EDI
   149 000000BF 7F 1B                           	JG	L24
   150 000000C1 8B 75 08                        	MOV	ESI,DWORD [8+EBP]
   151 000000C4 01 DE                           	ADD	ESI,EBX
   152 000000C6 01 D6                           	ADD	ESI,EDX
   153 000000C8 89 75 EC                        	MOV	DWORD [-20+EBP],ESI
   154 000000CB                                 L19:
   155 000000CB 8B 75 EC                        	MOV	ESI,DWORD [-20+EBP]
   156 000000CE 8A 45 F3                        	MOV	AL,BYTE [-13+EBP]
   157 000000D1 42                              	INC	EDX
   158 000000D2 88 06                           	MOV	BYTE [ESI],AL
   159 000000D4 46                              	INC	ESI
   160 000000D5 89 75 EC                        	MOV	DWORD [-20+EBP],ESI
   161 000000D8 39 FA                           	CMP	EDX,EDI
   162 000000DA 7E EF                           	JLE	L19
   163 000000DC                                 L24:
   164 000000DC 41                              	INC	ECX
   165 000000DD 03 5D 0C                        	ADD	EBX,DWORD [12+EBP]
   166 000000E0 3B 4D 20                        	CMP	ECX,DWORD [32+EBP]
   167 000000E3 7E D5                           	JLE	L20
   168 000000E5                                 L22:
   169 000000E5 5B                              	POP	EBX
   170 000000E6 5E                              	POP	ESI
   171 000000E7 5B                              	POP	EBX
   172 000000E8 5E                              	POP	ESI
   173 000000E9 5F                              	POP	EDI
   174 000000EA 5D                              	POP	EBP
   175 000000EB C3                              	RET
   176 000000EC                                 	GLOBAL	_boxfill
   177 000000EC                                 _boxfill:
   178 000000EC 55                              	PUSH	EBP
   179 000000ED 89 E5                           	MOV	EBP,ESP
   180 000000EF 8B 45 18                        	MOV	EAX,DWORD [24+EBP]
   181 000000F2 8B 55 08                        	MOV	EDX,DWORD [8+EBP]
   182 000000F5 0F AF 45 0C                     	IMUL	EAX,DWORD [12+EBP]
   183 000000F9 03 45 14                        	ADD	EAX,DWORD [20+EBP]
   184 000000FC 8B 4D 10                        	MOV	ECX,DWORD [16+EBP]
   185 000000FF 88 0C 10                        	MOV	BYTE [EAX+EDX*1],CL
   186 00000102 5D                              	POP	EBP
   187 00000103 C3                              	RET
   188 00000104                                 	GLOBAL	_init_screen8
   189 00000104                                 _init_screen8:
   190 00000104 55                              	PUSH	EBP
   191 00000105 89 E5                           	MOV	EBP,ESP
   192 00000107 57                              	PUSH	EDI
   193 00000108 56                              	PUSH	ESI
   194 00000109 53                              	PUSH	EBX
   195 0000010A 83 EC 0C                        	SUB	ESP,12
   196 0000010D 8B 45 10                        	MOV	EAX,DWORD [16+EBP]
   197 00000110 8B 7D 0C                        	MOV	EDI,DWORD [12+EBP]
   198 00000113 83 E8 1D                        	SUB	EAX,29
   199 00000116 4F                              	DEC	EDI
   200 00000117 50                              	PUSH	EAX
   201 00000118 57                              	PUSH	EDI
   202 00000119 6A 00                           	PUSH	0
   203 0000011B 6A 00                           	PUSH	0
   204 0000011D 6A 0E                           	PUSH	14
   205 0000011F FF 75 0C                        	PUSH	DWORD [12+EBP]
   206 00000122 FF 75 08                        	PUSH	DWORD [8+EBP]
   207 00000125 E8 FFFFFF71                     	CALL	_boxfill8
   208 0000012A 8B 45 10                        	MOV	EAX,DWORD [16+EBP]
   209 0000012D 83 E8 1C                        	SUB	EAX,28
   210 00000130 50                              	PUSH	EAX
   211 00000131 57                              	PUSH	EDI
   212 00000132 50                              	PUSH	EAX
   213 00000133 6A 00                           	PUSH	0
   214 00000135 6A 08                           	PUSH	8
   215 00000137 FF 75 0C                        	PUSH	DWORD [12+EBP]
   216 0000013A FF 75 08                        	PUSH	DWORD [8+EBP]
   217 0000013D E8 FFFFFF59                     	CALL	_boxfill8
   218 00000142 8B 45 10                        	MOV	EAX,DWORD [16+EBP]
   219 00000145 83 C4 38                        	ADD	ESP,56
   220 00000148 83 E8 1B                        	SUB	EAX,27
   221 0000014B 50                              	PUSH	EAX
   222 0000014C 57                              	PUSH	EDI
   223 0000014D 50                              	PUSH	EAX
   224 0000014E 6A 00                           	PUSH	0
   225 00000150 6A 07                           	PUSH	7
   226 00000152 FF 75 0C                        	PUSH	DWORD [12+EBP]
   227 00000155 FF 75 08                        	PUSH	DWORD [8+EBP]
   228 00000158 E8 FFFFFF3E                     	CALL	_boxfill8
   229 0000015D 8B 45 10                        	MOV	EAX,DWORD [16+EBP]
   230 00000160 48                              	DEC	EAX
   231 00000161 50                              	PUSH	EAX
   232 00000162 8B 45 10                        	MOV	EAX,DWORD [16+EBP]
   233 00000165 57                              	PUSH	EDI
   234 00000166 83 E8 1A                        	SUB	EAX,26
   235 00000169 50                              	PUSH	EAX
   236 0000016A 6A 00                           	PUSH	0
   237 0000016C 6A 08                           	PUSH	8
   238 0000016E FF 75 0C                        	PUSH	DWORD [12+EBP]
   239 00000171 FF 75 08                        	PUSH	DWORD [8+EBP]
   240 00000174 E8 FFFFFF22                     	CALL	_boxfill8
   241 00000179 8B 75 10                        	MOV	ESI,DWORD [16+EBP]
   242 0000017C 83 C4 38                        	ADD	ESP,56
   243 0000017F 83 EE 18                        	SUB	ESI,24
   244 00000182 56                              	PUSH	ESI
   245 00000183 6A 3B                           	PUSH	59
   246 00000185 56                              	PUSH	ESI
   247 00000186 6A 03                           	PUSH	3
   248 00000188 6A 07                           	PUSH	7
   249 0000018A FF 75 0C                        	PUSH	DWORD [12+EBP]
   250 0000018D FF 75 08                        	PUSH	DWORD [8+EBP]
   251 00000190 E8 FFFFFF06                     	CALL	_boxfill8
   252 00000195 8B 45 10                        	MOV	EAX,DWORD [16+EBP]
   253 00000198 83 E8 04                        	SUB	EAX,4
   254 0000019B 50                              	PUSH	EAX
   255 0000019C 89 45 F0                        	MOV	DWORD [-16+EBP],EAX
   256 0000019F 6A 02                           	PUSH	2
   257 000001A1 56                              	PUSH	ESI
   258 000001A2 6A 02                           	PUSH	2
   259 000001A4 6A 07                           	PUSH	7
   260 000001A6 FF 75 0C                        	PUSH	DWORD [12+EBP]
   261 000001A9 FF 75 08                        	PUSH	DWORD [8+EBP]
   262 000001AC E8 FFFFFEEA                     	CALL	_boxfill8
   263 000001B1 83 C4 38                        	ADD	ESP,56
   264 000001B4 FF 75 F0                        	PUSH	DWORD [-16+EBP]
   265 000001B7 6A 3B                           	PUSH	59
   266 000001B9 FF 75 F0                        	PUSH	DWORD [-16+EBP]
   267 000001BC 6A 03                           	PUSH	3
   268 000001BE 6A 0F                           	PUSH	15
   269 000001C0 FF 75 0C                        	PUSH	DWORD [12+EBP]
   270 000001C3 FF 75 08                        	PUSH	DWORD [8+EBP]
   271 000001C6 E8 FFFFFED0                     	CALL	_boxfill8
   272 000001CB 8B 45 10                        	MOV	EAX,DWORD [16+EBP]
   273 000001CE 83 E8 05                        	SUB	EAX,5
   274 000001D1 50                              	PUSH	EAX
   275 000001D2 8B 45 10                        	MOV	EAX,DWORD [16+EBP]
   276 000001D5 6A 3B                           	PUSH	59
   277 000001D7 83 E8 17                        	SUB	EAX,23
   278 000001DA 50                              	PUSH	EAX
   279 000001DB 89 45 EC                        	MOV	DWORD [-20+EBP],EAX
   280 000001DE 6A 3B                           	PUSH	59
   281 000001E0 6A 0F                           	PUSH	15
   282 000001E2 FF 75 0C                        	PUSH	DWORD [12+EBP]
   283 000001E5 FF 75 08                        	PUSH	DWORD [8+EBP]
   284 000001E8 E8 FFFFFEAE                     	CALL	_boxfill8
   285 000001ED 8B 45 10                        	MOV	EAX,DWORD [16+EBP]
   286 000001F0 83 C4 38                        	ADD	ESP,56
   287 000001F3 83 E8 03                        	SUB	EAX,3
   288 000001F6 89 45 E8                        	MOV	DWORD [-24+EBP],EAX
   289 000001F9 50                              	PUSH	EAX
   290 000001FA 6A 3B                           	PUSH	59
   291 000001FC 50                              	PUSH	EAX
   292 000001FD 6A 02                           	PUSH	2
   293 000001FF 6A 00                           	PUSH	0
   294 00000201 FF 75 0C                        	PUSH	DWORD [12+EBP]
   295 00000204 FF 75 08                        	PUSH	DWORD [8+EBP]
   296 00000207 E8 FFFFFE8F                     	CALL	_boxfill8
   297 0000020C FF 75 E8                        	PUSH	DWORD [-24+EBP]
   298 0000020F 6A 3C                           	PUSH	60
   299 00000211 56                              	PUSH	ESI
   300 00000212 6A 3C                           	PUSH	60
   301 00000214 6A 00                           	PUSH	0
   302 00000216 FF 75 0C                        	PUSH	DWORD [12+EBP]
   303 00000219 FF 75 08                        	PUSH	DWORD [8+EBP]
   304 0000021C E8 FFFFFE7A                     	CALL	_boxfill8
   305 00000221 8B 7D 0C                        	MOV	EDI,DWORD [12+EBP]
   306 00000224 83 C4 38                        	ADD	ESP,56
   307 00000227 8B 5D 0C                        	MOV	EBX,DWORD [12+EBP]
   308 0000022A 83 EB 04                        	SUB	EBX,4
   309 0000022D 83 EF 2F                        	SUB	EDI,47
   310 00000230 56                              	PUSH	ESI
   311 00000231 53                              	PUSH	EBX
   312 00000232 56                              	PUSH	ESI
   313 00000233 57                              	PUSH	EDI
   314 00000234 6A 0F                           	PUSH	15
   315 00000236 FF 75 0C                        	PUSH	DWORD [12+EBP]
   316 00000239 FF 75 08                        	PUSH	DWORD [8+EBP]
   317 0000023C E8 FFFFFE5A                     	CALL	_boxfill8
   318 00000241 FF 75 F0                        	PUSH	DWORD [-16+EBP]
   319 00000244 57                              	PUSH	EDI
   320 00000245 FF 75 EC                        	PUSH	DWORD [-20+EBP]
   321 00000248 57                              	PUSH	EDI
   322 00000249 6A 0F                           	PUSH	15
   323 0000024B FF 75 0C                        	PUSH	DWORD [12+EBP]
   324 0000024E FF 75 08                        	PUSH	DWORD [8+EBP]
   325 00000251 E8 FFFFFE45                     	CALL	_boxfill8
   326 00000256 83 C4 38                        	ADD	ESP,56
   327 00000259 FF 75 E8                        	PUSH	DWORD [-24+EBP]
   328 0000025C 53                              	PUSH	EBX
   329 0000025D FF 75 E8                        	PUSH	DWORD [-24+EBP]
   330 00000260 57                              	PUSH	EDI
   331 00000261 6A 07                           	PUSH	7
   332 00000263 FF 75 0C                        	PUSH	DWORD [12+EBP]
   333 00000266 FF 75 08                        	PUSH	DWORD [8+EBP]
   334 00000269 E8 FFFFFE2D                     	CALL	_boxfill8
   335 0000026E 8B 45 0C                        	MOV	EAX,DWORD [12+EBP]
   336 00000271 FF 75 E8                        	PUSH	DWORD [-24+EBP]
   337 00000274 83 E8 03                        	SUB	EAX,3
   338 00000277 50                              	PUSH	EAX
   339 00000278 56                              	PUSH	ESI
   340 00000279 50                              	PUSH	EAX
   341 0000027A 6A 07                           	PUSH	7
   342 0000027C FF 75 0C                        	PUSH	DWORD [12+EBP]
   343 0000027F FF 75 08                        	PUSH	DWORD [8+EBP]
   344 00000282 E8 FFFFFE14                     	CALL	_boxfill8
   345 00000287 8D 65 F4                        	LEA	ESP,DWORD [-12+EBP]
   346 0000028A 5B                              	POP	EBX
   347 0000028B 5E                              	POP	ESI
   348 0000028C 5F                              	POP	EDI
   349 0000028D 5D                              	POP	EBP
   350 0000028E C3                              	RET
   351 0000028F                                 	GLOBAL	_putfont8
   352 0000028F                                 _putfont8:
   353 0000028F 55                              	PUSH	EBP
   354 00000290 89 E5                           	MOV	EBP,ESP
   355 00000292 57                              	PUSH	EDI
   356 00000293 56                              	PUSH	ESI
   357 00000294 31 F6                           	XOR	ESI,ESI
   358 00000296 53                              	PUSH	EBX
   359 00000297 8B 7D 1C                        	MOV	EDI,DWORD [28+EBP]
   360 0000029A 8A 5D 18                        	MOV	BL,BYTE [24+EBP]
   361 0000029D                                 L40:
   362 0000029D 8B 45 14                        	MOV	EAX,DWORD [20+EBP]
   363 000002A0 8B 55 10                        	MOV	EDX,DWORD [16+EBP]
   364 000002A3 01 F0                           	ADD	EAX,ESI
   365 000002A5 0F AF 45 0C                     	IMUL	EAX,DWORD [12+EBP]
   366 000002A9 03 45 08                        	ADD	EAX,DWORD [8+EBP]
   367 000002AC 8D 0C 02                        	LEA	ECX,DWORD [EDX+EAX*1]
   368 000002AF 8A 14 3E                        	MOV	DL,BYTE [ESI+EDI*1]
   369 000002B2 84 D2                           	TEST	DL,DL
   370 000002B4 79 02                           	JNS	L32
   371 000002B6 88 19                           	MOV	BYTE [ECX],BL
   372 000002B8                                 L32:
   373 000002B8 88 D0                           	MOV	AL,DL
   374 000002BA 83 E0 40                        	AND	EAX,64
   375 000002BD 84 C0                           	TEST	AL,AL
   376 000002BF 74 03                           	JE	L33
   377 000002C1 88 59 01                        	MOV	BYTE [1+ECX],BL
   378 000002C4                                 L33:
   379 000002C4 88 D0                           	MOV	AL,DL
   380 000002C6 83 E0 20                        	AND	EAX,32
   381 000002C9 84 C0                           	TEST	AL,AL
   382 000002CB 74 03                           	JE	L34
   383 000002CD 88 59 02                        	MOV	BYTE [2+ECX],BL
   384 000002D0                                 L34:
   385 000002D0 88 D0                           	MOV	AL,DL
   386 000002D2 83 E0 10                        	AND	EAX,16
   387 000002D5 84 C0                           	TEST	AL,AL
   388 000002D7 74 03                           	JE	L35
   389 000002D9 88 59 03                        	MOV	BYTE [3+ECX],BL
   390 000002DC                                 L35:
   391 000002DC 88 D0                           	MOV	AL,DL
   392 000002DE 83 E0 08                        	AND	EAX,8
   393 000002E1 84 C0                           	TEST	AL,AL
   394 000002E3 74 03                           	JE	L36
   395 000002E5 88 59 04                        	MOV	BYTE [4+ECX],BL
   396 000002E8                                 L36:
   397 000002E8 88 D0                           	MOV	AL,DL
   398 000002EA 83 E0 04                        	AND	EAX,4
   399 000002ED 84 C0                           	TEST	AL,AL
   400 000002EF 74 03                           	JE	L37
   401 000002F1 88 59 05                        	MOV	BYTE [5+ECX],BL
   402 000002F4                                 L37:
   403 000002F4 88 D0                           	MOV	AL,DL
   404 000002F6 83 E0 02                        	AND	EAX,2
   405 000002F9 84 C0                           	TEST	AL,AL
   406 000002FB 74 03                           	JE	L38
   407 000002FD 88 59 06                        	MOV	BYTE [6+ECX],BL
   408 00000300                                 L38:
   409 00000300 83 E2 01                        	AND	EDX,1
   410 00000303 84 D2                           	TEST	DL,DL
   411 00000305 74 03                           	JE	L30
   412 00000307 88 59 07                        	MOV	BYTE [7+ECX],BL
   413 0000030A                                 L30:
   414 0000030A 46                              	INC	ESI
   415 0000030B 83 FE 0F                        	CMP	ESI,15
   416 0000030E 7E 8D                           	JLE	L40
   417 00000310 5B                              	POP	EBX
   418 00000311 5E                              	POP	ESI
   419 00000312 5F                              	POP	EDI
   420 00000313 5D                              	POP	EBP
   421 00000314 C3                              	RET
   422 00000315                                 	GLOBAL	_putfonts8_asc
   423 00000315                                 _putfonts8_asc:
   424 00000315 55                              	PUSH	EBP
   425 00000316 89 E5                           	MOV	EBP,ESP
   426 00000318 57                              	PUSH	EDI
   427 00000319 56                              	PUSH	ESI
   428 0000031A 53                              	PUSH	EBX
   429 0000031B 50                              	PUSH	EAX
   430 0000031C 8B 5D 1C                        	MOV	EBX,DWORD [28+EBP]
   431 0000031F 8A 45 18                        	MOV	AL,BYTE [24+EBP]
   432 00000322 88 45 F3                        	MOV	BYTE [-13+EBP],AL
   433 00000325 8B 75 10                        	MOV	ESI,DWORD [16+EBP]
   434 00000328 8B 7D 14                        	MOV	EDI,DWORD [20+EBP]
   435 0000032B 80 3B 00                        	CMP	BYTE [EBX],0
   436 0000032E 75 08                           	JNE	L48
   437 00000330                                 L50:
   438 00000330 8D 65 F4                        	LEA	ESP,DWORD [-12+EBP]
   439 00000333 5B                              	POP	EBX
   440 00000334 5E                              	POP	ESI
   441 00000335 5F                              	POP	EDI
   442 00000336 5D                              	POP	EBP
   443 00000337 C3                              	RET
   444 00000338                                 L48:
   445 00000338 0F B6 03                        	MOVZX	EAX,BYTE [EBX]
   446 0000033B C1 E0 04                        	SAL	EAX,4
   447 0000033E 43                              	INC	EBX
   448 0000033F 05 [00000000]                   	ADD	EAX,_hankaku
   449 00000344 50                              	PUSH	EAX
   450 00000345 0F BE 45 F3                     	MOVSX	EAX,BYTE [-13+EBP]
   451 00000349 50                              	PUSH	EAX
   452 0000034A 57                              	PUSH	EDI
   453 0000034B 56                              	PUSH	ESI
   454 0000034C 83 C6 08                        	ADD	ESI,8
   455 0000034F FF 75 0C                        	PUSH	DWORD [12+EBP]
   456 00000352 FF 75 08                        	PUSH	DWORD [8+EBP]
   457 00000355 E8 FFFFFF35                     	CALL	_putfont8
   458 0000035A 83 C4 18                        	ADD	ESP,24
   459 0000035D 80 3B 00                        	CMP	BYTE [EBX],0
   460 00000360 75 D6                           	JNE	L48
   461 00000362 EB CC                           	JMP	L50
   462                                          [SECTION .data]
   463 00000030                                 _cursor.1:
   464 00000030 2A 2A 2A 2A 2A 2A 2A 2A 2A 2A   	DB	"**************.."
       0000003A 2A 2A 2A 2A 2E 2E 
   465 00000040 2A 4F 4F 4F 4F 4F 4F 4F 4F 4F   	DB	"*OOOOOOOOOOO*..."
       0000004A 4F 4F 2A 2E 2E 2E 
   466 00000050 2A 4F 4F 4F 4F 4F 4F 4F 4F 4F   	DB	"*OOOOOOOOOO*...."
       0000005A 4F 2A 2E 2E 2E 2E 
   467 00000060 2A 4F 4F 4F 4F 4F 4F 4F 4F 4F   	DB	"*OOOOOOOOO*....."
       0000006A 2A 2E 2E 2E 2E 2E 
   468 00000070 2A 4F 4F 4F 4F 4F 4F 4F 4F 2A   	DB	"*OOOOOOOO*......"
       0000007A 2E 2E 2E 2E 2E 2E 
   469 00000080 2A 4F 4F 4F 4F 4F 4F 4F 2A 2E   	DB	"*OOOOOOO*......."
       0000008A 2E 2E 2E 2E 2E 2E 
   470 00000090 2A 4F 4F 4F 4F 4F 4F 4F 2A 2E   	DB	"*OOOOOOO*......."
       0000009A 2E 2E 2E 2E 2E 2E 
   471 000000A0 2A 4F 4F 4F 4F 4F 4F 4F 4F 2A   	DB	"*OOOOOOOO*......"
       000000AA 2E 2E 2E 2E 2E 2E 
   472 000000B0 2A 4F 4F 4F 4F 2A 2A 4F 4F 4F   	DB	"*OOOO**OOO*....."
       000000BA 2A 2E 2E 2E 2E 2E 
   473 000000C0 2A 4F 4F 4F 2A 2E 2E 2A 4F 4F   	DB	"*OOO*..*OOO*...."
       000000CA 4F 2A 2E 2E 2E 2E 
   474 000000D0 2A 4F 4F 2A 2E 2E 2E 2E 2A 4F   	DB	"*OO*....*OOO*..."
       000000DA 4F 4F 2A 2E 2E 2E 
   475 000000E0 2A 4F 2A 2E 2E 2E 2E 2E 2E 2A   	DB	"*O*......*OOO*.."
       000000EA 4F 4F 4F 2A 2E 2E 
   476 000000F0 2A 2A 2E 2E 2E 2E 2E 2E 2E 2E   	DB	"**........*OOO*."
       000000FA 2A 4F 4F 4F 2A 2E 
   477 00000100 2A 2E 2E 2E 2E 2E 2E 2E 2E 2E   	DB	"*..........*OOO*"
       0000010A 2E 2A 4F 4F 4F 2A 
   478 00000110 2E 2E 2E 2E 2E 2E 2E 2E 2E 2E   	DB	"............*OO*"
       0000011A 2E 2E 2A 4F 4F 2A 
   479 00000120 2E 2E 2E 2E 2E 2E 2E 2E 2E 2E   	DB	".............***"
       0000012A 2E 2E 2E 2A 2A 2A 
   480                                          [SECTION .text]
   481 00000364                                 	GLOBAL	_init_mouse_cursor8
   482 00000364                                 _init_mouse_cursor8:
   483 00000364 55                              	PUSH	EBP
   484 00000365 89 E5                           	MOV	EBP,ESP
   485 00000367 57                              	PUSH	EDI
   486 00000368 56                              	PUSH	ESI
   487 00000369 31 FF                           	XOR	EDI,EDI
   488 0000036B 53                              	PUSH	EBX
   489 0000036C 31 DB                           	XOR	EBX,EBX
   490 0000036E 50                              	PUSH	EAX
   491 0000036F 8A 45 0C                        	MOV	AL,BYTE [12+EBP]
   492 00000372 8B 75 08                        	MOV	ESI,DWORD [8+EBP]
   493 00000375 88 45 F3                        	MOV	BYTE [-13+EBP],AL
   494 00000378                                 L64:
   495 00000378 31 D2                           	XOR	EDX,EDX
   496 0000037A                                 L63:
   497 0000037A 8D 04 3A                        	LEA	EAX,DWORD [EDX+EDI*1]
   498 0000037D 80 B8 [00000030] 2A             	CMP	BYTE [_cursor.1+EAX],42
   499 00000384 74 35                           	JE	L69
   500 00000386                                 L60:
   501 00000386 80 B8 [00000030] 4F             	CMP	BYTE [_cursor.1+EAX],79
   502 0000038D 74 26                           	JE	L70
   503 0000038F                                 L61:
   504 0000038F 80 B8 [00000030] 2E             	CMP	BYTE [_cursor.1+EAX],46
   505 00000396 74 15                           	JE	L71
   506 00000398                                 L58:
   507 00000398 42                              	INC	EDX
   508 00000399 83 FA 0F                        	CMP	EDX,15
   509 0000039C 7E DC                           	JLE	L63
   510 0000039E 43                              	INC	EBX
   511 0000039F 83 C7 10                        	ADD	EDI,16
   512 000003A2 83 FB 0F                        	CMP	EBX,15
   513 000003A5 7E D1                           	JLE	L64
   514 000003A7 58                              	POP	EAX
   515 000003A8 5B                              	POP	EBX
   516 000003A9 5E                              	POP	ESI
   517 000003AA 5F                              	POP	EDI
   518 000003AB 5D                              	POP	EBP
   519 000003AC C3                              	RET
   520 000003AD                                 L71:
   521 000003AD 8A 4D F3                        	MOV	CL,BYTE [-13+EBP]
   522 000003B0 88 0C 30                        	MOV	BYTE [EAX+ESI*1],CL
   523 000003B3 EB E3                           	JMP	L58
   524 000003B5                                 L70:
   525 000003B5 C6 04 30 07                     	MOV	BYTE [EAX+ESI*1],7
   526 000003B9 EB D4                           	JMP	L61
   527 000003BB                                 L69:
   528 000003BB C6 04 30 00                     	MOV	BYTE [EAX+ESI*1],0
   529 000003BF EB C5                           	JMP	L60
   530 000003C1                                 	GLOBAL	_putblock8_8
   531 000003C1                                 _putblock8_8:
   532 000003C1 55                              	PUSH	EBP
   533 000003C2 89 E5                           	MOV	EBP,ESP
   534 000003C4 57                              	PUSH	EDI
   535 000003C5 56                              	PUSH	ESI
   536 000003C6 31 F6                           	XOR	ESI,ESI
   537 000003C8 53                              	PUSH	EBX
   538 000003C9 83 EC 0C                        	SUB	ESP,12
   539 000003CC 3B 75 14                        	CMP	ESI,DWORD [20+EBP]
   540 000003CF 7D 3E                           	JGE	L84
   541 000003D1 31 FF                           	XOR	EDI,EDI
   542 000003D3                                 L82:
   543 000003D3 31 DB                           	XOR	EBX,EBX
   544 000003D5 3B 5D 10                        	CMP	EBX,DWORD [16+EBP]
   545 000003D8 7D 2C                           	JGE	L86
   546 000003DA 8B 45 20                        	MOV	EAX,DWORD [32+EBP]
   547 000003DD 01 F8                           	ADD	EAX,EDI
   548 000003DF 89 45 EC                        	MOV	DWORD [-20+EBP],EAX
   549 000003E2                                 L81:
   550 000003E2 8B 45 1C                        	MOV	EAX,DWORD [28+EBP]
   551 000003E5 8B 55 18                        	MOV	EDX,DWORD [24+EBP]
   552 000003E8 01 F0                           	ADD	EAX,ESI
   553 000003EA 01 DA                           	ADD	EDX,EBX
   554 000003EC 0F AF 45 0C                     	IMUL	EAX,DWORD [12+EBP]
   555 000003F0 01 D0                           	ADD	EAX,EDX
   556 000003F2 8B 4D 08                        	MOV	ECX,DWORD [8+EBP]
   557 000003F5 8B 55 EC                        	MOV	EDX,DWORD [-20+EBP]
   558 000003F8 43                              	INC	EBX
   559 000003F9 8A 12                           	MOV	DL,BYTE [EDX]
   560 000003FB 88 14 08                        	MOV	BYTE [EAX+ECX*1],DL
   561 000003FE FF 45 EC                        	INC	DWORD [-20+EBP]
   562 00000401 3B 5D 10                        	CMP	EBX,DWORD [16+EBP]
   563 00000404 7C DC                           	JL	L81
   564 00000406                                 L86:
   565 00000406 46                              	INC	ESI
   566 00000407 03 7D 24                        	ADD	EDI,DWORD [36+EBP]
   567 0000040A 3B 75 14                        	CMP	ESI,DWORD [20+EBP]
   568 0000040D 7C C4                           	JL	L82
   569 0000040F                                 L84:
   570 0000040F 83 C4 0C                        	ADD	ESP,12
   571 00000412 5B                              	POP	EBX
   572 00000413 5E                              	POP	ESI
   573 00000414 5F                              	POP	EDI
   574 00000415 5D                              	POP	EBP
   575 00000416 C3                              	RET
