     1 00000000                                 [FORMAT "WCOFF"]
     2 00000000                                 [INSTRSET "i486p"]
     3 00000000                                 [OPTIMIZE 1]
     4 00000000                                 [OPTION 1]
     5 00000000                                 [BITS 32]
     6 00000000                                 	EXTERN	_init_gdtidt
     7 00000000                                 	EXTERN	_init_pic
     8 00000000                                 	EXTERN	_io_sti
     9 00000000                                 	EXTERN	_keyfifo
    10 00000000                                 	EXTERN	_fifo8_init
    11 00000000                                 	EXTERN	_mousefifo
    12 00000000                                 	EXTERN	_init_pit
    13 00000000                                 	EXTERN	_io_out8
    14 00000000                                 	EXTERN	_timer_alloc
    15 00000000                                 	EXTERN	_timer_init
    16 00000000                                 	EXTERN	_timer_settime
    17 00000000                                 	EXTERN	_init_keyboard
    18 00000000                                 	EXTERN	_enable_mouse
    19 00000000                                 	EXTERN	_memtest
    20 00000000                                 	EXTERN	_memman_init
    21 00000000                                 	EXTERN	_memman_free
    22 00000000                                 	EXTERN	_init_palette
    23 00000000                                 	EXTERN	_shtctl_init
    24 00000000                                 	EXTERN	_sheet_alloc
    25 00000000                                 	EXTERN	_memman_alloc_4k
    26 00000000                                 	EXTERN	_sheet_setbuf
    27 00000000                                 	EXTERN	_init_screen8
    28 00000000                                 	EXTERN	_init_mouse_cursor8
    29 00000000                                 	EXTERN	_sheet_slide
    30 00000000                                 	EXTERN	_sheet_updown
    31 00000000                                 	EXTERN	_sprintf
    32 00000000                                 	EXTERN	_putfonts8_asc
    33 00000000                                 	EXTERN	_memman_total
    34 00000000                                 	EXTERN	_sheet_refresh
    35 00000000                                 	EXTERN	_timerctl
    36 00000000                                 	EXTERN	_boxfill8
    37 00000000                                 	EXTERN	_io_cli
    38 00000000                                 	EXTERN	_fifo8_status
    39 00000000                                 	EXTERN	_fifo8_get
    40 00000000                                 	EXTERN	_mouse_decode
    41 00000000                                 [FILE "bootpack.c"]
    42                                          [SECTION .data]
    43 00000000                                 LC0:
    44 00000000 63 6F 75 6E 74 65 72 00         	DB	"counter",0x00
    45 00000008                                 LC1:
    46 00000008 28 25 33 64 2C 20 25 33 64 29   	DB	"(%3d, %3d)",0x00
       00000012 00 
    47 00000013                                 LC2:
    48 00000013 6D 65 6D 6F 72 79 20 25 64 4D   	DB	"memory %dMB   free : %dKB",0x00
       0000001D 42 20 20 20 66 72 65 65 20 3A 
       00000027 20 25 64 4B 42 00 
    49 0000002D                                 LC3:
    50 0000002D 25 30 31 30 64 00               	DB	"%010d",0x00
    51 00000033                                 LC7:
    52 00000033 33 5B 73 65 63 5D 00            	DB	"3[sec]",0x00
    53 0000003A                                 LC6:
    54 0000003A 31 30 5B 73 65 63 5D 00         	DB	"10[sec]",0x00
    55 00000042                                 LC5:
    56 00000042 5B 6C 63 72 20 25 34 64 20 25   	DB	"[lcr %4d %4d]",0x00
       0000004C 34 64 5D 00 
    57 00000050                                 LC4:
    58 00000050 25 30 32 58 00                  	DB	"%02X",0x00
    59                                          [SECTION .text]
    60 00000000                                 	GLOBAL	_HariMain
    61 00000000                                 _HariMain:
    62 00000000 55                              	PUSH	EBP
    63 00000001 89 E5                           	MOV	EBP,ESP
    64 00000003 57                              	PUSH	EDI
    65 00000004 56                              	PUSH	ESI
    66 00000005 53                              	PUSH	EBX
    67 00000006 8D 5D D4                        	LEA	EBX,DWORD [-44+EBP]
    68 00000009 81 EC 00000284                  	SUB	ESP,644
    69 0000000F C7 85 FFFFFD78 00000000         	MOV	DWORD [-648+EBP],0
    70 00000019 E8 [00000000]                   	CALL	_init_gdtidt
    71 0000001E E8 [00000000]                   	CALL	_init_pic
    72 00000023 E8 [00000000]                   	CALL	_io_sti
    73 00000028 8D 85 FFFFFF44                  	LEA	EAX,DWORD [-188+EBP]
    74 0000002E 50                              	PUSH	EAX
    75 0000002F 6A 20                           	PUSH	32
    76 00000031 68 [00000000]                   	PUSH	_keyfifo
    77 00000036 E8 [00000000]                   	CALL	_fifo8_init
    78 0000003B 8D 85 FFFFFEC4                  	LEA	EAX,DWORD [-316+EBP]
    79 00000041 50                              	PUSH	EAX
    80 00000042 68 00000080                     	PUSH	128
    81 00000047 68 [00000000]                   	PUSH	_mousefifo
    82 0000004C E8 [00000000]                   	CALL	_fifo8_init
    83 00000051 E8 [00000000]                   	CALL	_init_pit
    84 00000056 68 000000F8                     	PUSH	248
    85 0000005B 6A 21                           	PUSH	33
    86 0000005D E8 [00000000]                   	CALL	_io_out8
    87 00000062 83 C4 20                        	ADD	ESP,32
    88 00000065 68 000000EF                     	PUSH	239
    89 0000006A 68 000000A1                     	PUSH	161
    90 0000006F E8 [00000000]                   	CALL	_io_out8
    91 00000074 8D 85 FFFFFDAC                  	LEA	EAX,DWORD [-596+EBP]
    92 0000007A 50                              	PUSH	EAX
    93 0000007B 6A 08                           	PUSH	8
    94 0000007D 53                              	PUSH	EBX
    95 0000007E E8 [00000000]                   	CALL	_fifo8_init
    96 00000083 E8 [00000000]                   	CALL	_timer_alloc
    97 00000088 6A 01                           	PUSH	1
    98 0000008A 53                              	PUSH	EBX
    99 0000008B 89 C6                           	MOV	ESI,EAX
   100 0000008D 50                              	PUSH	EAX
   101 0000008E 8D 5D B4                        	LEA	EBX,DWORD [-76+EBP]
   102 00000091 E8 [00000000]                   	CALL	_timer_init
   103 00000096 83 C4 20                        	ADD	ESP,32
   104 00000099 68 000003E8                     	PUSH	1000
   105 0000009E 56                              	PUSH	ESI
   106 0000009F E8 [00000000]                   	CALL	_timer_settime
   107 000000A4 8D 85 FFFFFDA4                  	LEA	EAX,DWORD [-604+EBP]
   108 000000AA 50                              	PUSH	EAX
   109 000000AB 6A 08                           	PUSH	8
   110 000000AD 53                              	PUSH	EBX
   111 000000AE E8 [00000000]                   	CALL	_fifo8_init
   112 000000B3 E8 [00000000]                   	CALL	_timer_alloc
   113 000000B8 6A 01                           	PUSH	1
   114 000000BA 53                              	PUSH	EBX
   115 000000BB 89 C6                           	MOV	ESI,EAX
   116 000000BD 50                              	PUSH	EAX
   117 000000BE 8D 5D 94                        	LEA	EBX,DWORD [-108+EBP]
   118 000000C1 E8 [00000000]                   	CALL	_timer_init
   119 000000C6 83 C4 20                        	ADD	ESP,32
   120 000000C9 68 0000012C                     	PUSH	300
   121 000000CE 56                              	PUSH	ESI
   122 000000CF E8 [00000000]                   	CALL	_timer_settime
   123 000000D4 8D 85 FFFFFD9C                  	LEA	EAX,DWORD [-612+EBP]
   124 000000DA 50                              	PUSH	EAX
   125 000000DB 6A 08                           	PUSH	8
   126 000000DD 53                              	PUSH	EBX
   127 000000DE E8 [00000000]                   	CALL	_fifo8_init
   128 000000E3 E8 [00000000]                   	CALL	_timer_alloc
   129 000000E8 6A 01                           	PUSH	1
   130 000000EA 53                              	PUSH	EBX
   131 000000EB 50                              	PUSH	EAX
   132 000000EC 89 85 FFFFFD98                  	MOV	DWORD [-616+EBP],EAX
   133 000000F2 E8 [00000000]                   	CALL	_timer_init
   134 000000F7 83 C4 20                        	ADD	ESP,32
   135 000000FA 6A 32                           	PUSH	50
   136 000000FC FF B5 FFFFFD98                  	PUSH	DWORD [-616+EBP]
   137 00000102 E8 [00000000]                   	CALL	_timer_settime
   138 00000107 E8 [00000000]                   	CALL	_init_keyboard
   139 0000010C 8D 85 FFFFFEB4                  	LEA	EAX,DWORD [-332+EBP]
   140 00000112 50                              	PUSH	EAX
   141 00000113 E8 [00000000]                   	CALL	_enable_mouse
   142 00000118 68 BFFFFFFF                     	PUSH	-1073741825
   143 0000011D 68 00400000                     	PUSH	4194304
   144 00000122 E8 [00000000]                   	CALL	_memtest
   145 00000127 68 003C0000                     	PUSH	3932160
   146 0000012C 89 C6                           	MOV	ESI,EAX
   147 0000012E E8 [00000000]                   	CALL	_memman_init
   148 00000133 68 0009E000                     	PUSH	647168
   149 00000138 68 00001000                     	PUSH	4096
   150 0000013D 68 003C0000                     	PUSH	3932160
   151 00000142 E8 [00000000]                   	CALL	_memman_free
   152 00000147 8D 86 FFC00000                  	LEA	EAX,DWORD [-4194304+ESI]
   153 0000014D 83 C4 24                        	ADD	ESP,36
   154 00000150 50                              	PUSH	EAX
   155 00000151 68 00400000                     	PUSH	4194304
   156 00000156 68 003C0000                     	PUSH	3932160
   157 0000015B E8 [00000000]                   	CALL	_memman_free
   158 00000160 E8 [00000000]                   	CALL	_init_palette
   159 00000165 0F BF 05 00000FF6               	MOVSX	EAX,WORD [4086]
   160 0000016C 50                              	PUSH	EAX
   161 0000016D 0F BF 05 00000FF4               	MOVSX	EAX,WORD [4084]
   162 00000174 50                              	PUSH	EAX
   163 00000175 FF 35 00000FF8                  	PUSH	DWORD [4088]
   164 0000017B 68 003C0000                     	PUSH	3932160
   165 00000180 E8 [00000000]                   	CALL	_shtctl_init
   166 00000185 89 C3                           	MOV	EBX,EAX
   167 00000187 50                              	PUSH	EAX
   168 00000188 E8 [00000000]                   	CALL	_sheet_alloc
   169 0000018D 83 C4 20                        	ADD	ESP,32
   170 00000190 53                              	PUSH	EBX
   171 00000191 89 85 FFFFFD8C                  	MOV	DWORD [-628+EBP],EAX
   172 00000197 E8 [00000000]                   	CALL	_sheet_alloc
   173 0000019C 53                              	PUSH	EBX
   174 0000019D 8D 9D FFFFFDB4                  	LEA	EBX,DWORD [-588+EBP]
   175 000001A3 89 85 FFFFFD88                  	MOV	DWORD [-632+EBP],EAX
   176 000001A9 E8 [00000000]                   	CALL	_sheet_alloc
   177 000001AE 0F BF 15 00000FF6               	MOVSX	EDX,WORD [4086]
   178 000001B5 89 85 FFFFFD84                  	MOV	DWORD [-636+EBP],EAX
   179 000001BB 0F BF 05 00000FF4               	MOVSX	EAX,WORD [4084]
   180 000001C2 0F AF C2                        	IMUL	EAX,EDX
   181 000001C5 50                              	PUSH	EAX
   182 000001C6 68 003C0000                     	PUSH	3932160
   183 000001CB E8 [00000000]                   	CALL	_memman_alloc_4k
   184 000001D0 68 0000FA00                     	PUSH	64000
   185 000001D5 68 003C0000                     	PUSH	3932160
   186 000001DA 89 85 FFFFFD80                  	MOV	DWORD [-640+EBP],EAX
   187 000001E0 E8 [00000000]                   	CALL	_memman_alloc_4k
   188 000001E5 6A FF                           	PUSH	-1
   189 000001E7 89 85 FFFFFD7C                  	MOV	DWORD [-644+EBP],EAX
   190 000001ED 0F BF 05 00000FF6               	MOVSX	EAX,WORD [4086]
   191 000001F4 50                              	PUSH	EAX
   192 000001F5 0F BF 05 00000FF4               	MOVSX	EAX,WORD [4084]
   193 000001FC 50                              	PUSH	EAX
   194 000001FD FF B5 FFFFFD80                  	PUSH	DWORD [-640+EBP]
   195 00000203 FF B5 FFFFFD8C                  	PUSH	DWORD [-628+EBP]
   196 00000209 E8 [00000000]                   	CALL	_sheet_setbuf
   197 0000020E 83 C4 2C                        	ADD	ESP,44
   198 00000211 6A 63                           	PUSH	99
   199 00000213 6A 10                           	PUSH	16
   200 00000215 6A 10                           	PUSH	16
   201 00000217 53                              	PUSH	EBX
   202 00000218 FF B5 FFFFFD88                  	PUSH	DWORD [-632+EBP]
   203 0000021E E8 [00000000]                   	CALL	_sheet_setbuf
   204 00000223 6A FF                           	PUSH	-1
   205 00000225 68 000000C8                     	PUSH	200
   206 0000022A 68 00000140                     	PUSH	320
   207 0000022F FF B5 FFFFFD7C                  	PUSH	DWORD [-644+EBP]
   208 00000235 FF B5 FFFFFD84                  	PUSH	DWORD [-636+EBP]
   209 0000023B E8 [00000000]                   	CALL	_sheet_setbuf
   210 00000240 83 C4 28                        	ADD	ESP,40
   211 00000243 0F BF 05 00000FF6               	MOVSX	EAX,WORD [4086]
   212 0000024A 50                              	PUSH	EAX
   213 0000024B 0F BF 05 00000FF4               	MOVSX	EAX,WORD [4084]
   214 00000252 50                              	PUSH	EAX
   215 00000253 FF B5 FFFFFD80                  	PUSH	DWORD [-640+EBP]
   216 00000259 E8 [00000000]                   	CALL	_init_screen8
   217 0000025E 6A 63                           	PUSH	99
   218 00000260 53                              	PUSH	EBX
   219 00000261 BB 00000002                     	MOV	EBX,2
   220 00000266 E8 [00000000]                   	CALL	_init_mouse_cursor8
   221 0000026B 68 [00000000]                   	PUSH	LC0
   222 00000270 68 000000C8                     	PUSH	200
   223 00000275 68 00000140                     	PUSH	320
   224 0000027A FF B5 FFFFFD7C                  	PUSH	DWORD [-644+EBP]
   225 00000280 E8 000005DB                     	CALL	_make_window8
   226 00000285 83 C4 24                        	ADD	ESP,36
   227 00000288 6A 00                           	PUSH	0
   228 0000028A 6A 00                           	PUSH	0
   229 0000028C FF B5 FFFFFD8C                  	PUSH	DWORD [-628+EBP]
   230 00000292 E8 [00000000]                   	CALL	_sheet_slide
   231 00000297 0F BF 05 00000FF4               	MOVSX	EAX,WORD [4084]
   232 0000029E 8D 48 F0                        	LEA	ECX,DWORD [-16+EAX]
   233 000002A1 89 C8                           	MOV	EAX,ECX
   234 000002A3 99                              	CDQ
   235 000002A4 F7 FB                           	IDIV	EBX
   236 000002A6 89 85 FFFFFD94                  	MOV	DWORD [-620+EBP],EAX
   237 000002AC 0F BF 05 00000FF6               	MOVSX	EAX,WORD [4086]
   238 000002B3 8D 48 D4                        	LEA	ECX,DWORD [-44+EAX]
   239 000002B6 89 C8                           	MOV	EAX,ECX
   240 000002B8 99                              	CDQ
   241 000002B9 F7 FB                           	IDIV	EBX
   242 000002BB 50                              	PUSH	EAX
   243 000002BC 89 85 FFFFFD90                  	MOV	DWORD [-624+EBP],EAX
   244 000002C2 FF B5 FFFFFD94                  	PUSH	DWORD [-620+EBP]
   245 000002C8 FF B5 FFFFFD88                  	PUSH	DWORD [-632+EBP]
   246 000002CE 8D 9D FFFFFF64                  	LEA	EBX,DWORD [-156+EBP]
   247 000002D4 E8 [00000000]                   	CALL	_sheet_slide
   248 000002D9 6A 48                           	PUSH	72
   249 000002DB 6A 50                           	PUSH	80
   250 000002DD FF B5 FFFFFD84                  	PUSH	DWORD [-636+EBP]
   251 000002E3 E8 [00000000]                   	CALL	_sheet_slide
   252 000002E8 83 C4 24                        	ADD	ESP,36
   253 000002EB 6A 00                           	PUSH	0
   254 000002ED FF B5 FFFFFD8C                  	PUSH	DWORD [-628+EBP]
   255 000002F3 E8 [00000000]                   	CALL	_sheet_updown
   256 000002F8 6A 00                           	PUSH	0
   257 000002FA 6A 00                           	PUSH	0
   258 000002FC FF B5 FFFFFD8C                  	PUSH	DWORD [-628+EBP]
   259 00000302 E8 [00000000]                   	CALL	_sheet_slide
   260 00000307 6A 02                           	PUSH	2
   261 00000309 FF B5 FFFFFD88                  	PUSH	DWORD [-632+EBP]
   262 0000030F E8 [00000000]                   	CALL	_sheet_updown
   263 00000314 FF B5 FFFFFD90                  	PUSH	DWORD [-624+EBP]
   264 0000031A FF B5 FFFFFD94                  	PUSH	DWORD [-620+EBP]
   265 00000320 68 [00000008]                   	PUSH	LC1
   266 00000325 53                              	PUSH	EBX
   267 00000326 E8 [00000000]                   	CALL	_sprintf
   268 0000032B 83 C4 2C                        	ADD	ESP,44
   269 0000032E 53                              	PUSH	EBX
   270 0000032F 6A 07                           	PUSH	7
   271 00000331 6A 00                           	PUSH	0
   272 00000333 6A 00                           	PUSH	0
   273 00000335 0F BF 05 00000FF4               	MOVSX	EAX,WORD [4084]
   274 0000033C 50                              	PUSH	EAX
   275 0000033D FF B5 FFFFFD80                  	PUSH	DWORD [-640+EBP]
   276 00000343 E8 [00000000]                   	CALL	_putfonts8_asc
   277 00000348 68 003C0000                     	PUSH	3932160
   278 0000034D E8 [00000000]                   	CALL	_memman_total
   279 00000352 C1 E8 0A                        	SHR	EAX,10
   280 00000355 C1 EE 14                        	SHR	ESI,20
   281 00000358 89 04 24                        	MOV	DWORD [ESP],EAX
   282 0000035B 56                              	PUSH	ESI
   283 0000035C 68 [00000013]                   	PUSH	LC2
   284 00000361 53                              	PUSH	EBX
   285 00000362 E8 [00000000]                   	CALL	_sprintf
   286 00000367 83 C4 28                        	ADD	ESP,40
   287 0000036A 53                              	PUSH	EBX
   288 0000036B 6A 07                           	PUSH	7
   289 0000036D 6A 20                           	PUSH	32
   290 0000036F 6A 00                           	PUSH	0
   291 00000371 0F BF 05 00000FF4               	MOVSX	EAX,WORD [4084]
   292 00000378 50                              	PUSH	EAX
   293 00000379 FF B5 FFFFFD80                  	PUSH	DWORD [-640+EBP]
   294 0000037F E8 [00000000]                   	CALL	_putfonts8_asc
   295 00000384 6A 30                           	PUSH	48
   296 00000386 0F BF 05 00000FF4               	MOVSX	EAX,WORD [4084]
   297 0000038D 50                              	PUSH	EAX
   298 0000038E 6A 00                           	PUSH	0
   299 00000390                                 L30:
   300 00000390 6A 00                           	PUSH	0
   301 00000392 FF B5 FFFFFD8C                  	PUSH	DWORD [-628+EBP]
   302 00000398 E8 [00000000]                   	CALL	_sheet_refresh
   303 0000039D 83 C4 2C                        	ADD	ESP,44
   304 000003A0                                 L2:
   305 000003A0 FF 35 [00000000]                	PUSH	DWORD [_timerctl]
   306 000003A6 68 [0000002D]                   	PUSH	LC3
   307 000003AB 8D 9D FFFFFF64                  	LEA	EBX,DWORD [-156+EBP]
   308 000003B1 53                              	PUSH	EBX
   309 000003B2 8D 7D D4                        	LEA	EDI,DWORD [-44+EBP]
   310 000003B5 8D 75 94                        	LEA	ESI,DWORD [-108+EBP]
   311 000003B8 E8 [00000000]                   	CALL	_sprintf
   312 000003BD 6A 2B                           	PUSH	43
   313 000003BF 6A 77                           	PUSH	119
   314 000003C1 6A 1C                           	PUSH	28
   315 000003C3 6A 28                           	PUSH	40
   316 000003C5 6A 08                           	PUSH	8
   317 000003C7 68 000000A0                     	PUSH	160
   318 000003CC FF B5 FFFFFD7C                  	PUSH	DWORD [-644+EBP]
   319 000003D2 E8 [00000000]                   	CALL	_boxfill8
   320 000003D7 83 C4 28                        	ADD	ESP,40
   321 000003DA 53                              	PUSH	EBX
   322 000003DB 6A 00                           	PUSH	0
   323 000003DD 6A 1C                           	PUSH	28
   324 000003DF 6A 28                           	PUSH	40
   325 000003E1 68 000000A0                     	PUSH	160
   326 000003E6 FF B5 FFFFFD7C                  	PUSH	DWORD [-644+EBP]
   327 000003EC E8 [00000000]                   	CALL	_putfonts8_asc
   328 000003F1 6A 2C                           	PUSH	44
   329 000003F3 6A 78                           	PUSH	120
   330 000003F5 6A 1C                           	PUSH	28
   331 000003F7 6A 28                           	PUSH	40
   332 000003F9 FF B5 FFFFFD84                  	PUSH	DWORD [-636+EBP]
   333 000003FF E8 [00000000]                   	CALL	_sheet_refresh
   334 00000404 83 C4 2C                        	ADD	ESP,44
   335 00000407 E8 [00000000]                   	CALL	_io_cli
   336 0000040C 68 [00000000]                   	PUSH	_keyfifo
   337 00000411 E8 [00000000]                   	CALL	_fifo8_status
   338 00000416 68 [00000000]                   	PUSH	_mousefifo
   339 0000041B 89 C3                           	MOV	EBX,EAX
   340 0000041D E8 [00000000]                   	CALL	_fifo8_status
   341 00000422 57                              	PUSH	EDI
   342 00000423 01 C3                           	ADD	EBX,EAX
   343 00000425 E8 [00000000]                   	CALL	_fifo8_status
   344 0000042A 8D 55 B4                        	LEA	EDX,DWORD [-76+EBP]
   345 0000042D 52                              	PUSH	EDX
   346 0000042E 01 C3                           	ADD	EBX,EAX
   347 00000430 E8 [00000000]                   	CALL	_fifo8_status
   348 00000435 56                              	PUSH	ESI
   349 00000436 01 C3                           	ADD	EBX,EAX
   350 00000438 E8 [00000000]                   	CALL	_fifo8_status
   351 0000043D 83 C4 14                        	ADD	ESP,20
   352 00000440 8D 04 18                        	LEA	EAX,DWORD [EAX+EBX*1]
   353 00000443 85 C0                           	TEST	EAX,EAX
   354 00000445 0F 84 0000040B                  	JE	L32
   355 0000044B 68 [00000000]                   	PUSH	_keyfifo
   356 00000450 E8 [00000000]                   	CALL	_fifo8_status
   357 00000455 59                              	POP	ECX
   358 00000456 85 C0                           	TEST	EAX,EAX
   359 00000458 0F 85 00000390                  	JNE	L33
   360 0000045E 68 [00000000]                   	PUSH	_mousefifo
   361 00000463 E8 [00000000]                   	CALL	_fifo8_status
   362 00000468 5A                              	POP	EDX
   363 00000469 85 C0                           	TEST	EAX,EAX
   364 0000046B 0F 85 00000127                  	JNE	L34
   365 00000471 57                              	PUSH	EDI
   366 00000472 E8 [00000000]                   	CALL	_fifo8_status
   367 00000477 5B                              	POP	EBX
   368 00000478 85 C0                           	TEST	EAX,EAX
   369 0000047A 0F 85 000000E7                  	JNE	L35
   370 00000480 8D 5D B4                        	LEA	EBX,DWORD [-76+EBP]
   371 00000483 53                              	PUSH	EBX
   372 00000484 E8 [00000000]                   	CALL	_fifo8_status
   373 00000489 59                              	POP	ECX
   374 0000048A 85 C0                           	TEST	EAX,EAX
   375 0000048C 0F 85 00000091                  	JNE	L36
   376 00000492 56                              	PUSH	ESI
   377 00000493 E8 [00000000]                   	CALL	_fifo8_status
   378 00000498 5A                              	POP	EDX
   379 00000499 85 C0                           	TEST	EAX,EAX
   380 0000049B 0F 84 FFFFFEFF                  	JE	L2
   381 000004A1 56                              	PUSH	ESI
   382 000004A2 E8 [00000000]                   	CALL	_fifo8_get
   383 000004A7 89 C3                           	MOV	EBX,EAX
   384 000004A9 E8 [00000000]                   	CALL	_io_sti
   385 000004AE 58                              	POP	EAX
   386 000004AF 85 DB                           	TEST	EBX,EBX
   387 000004B1 74 56                           	JE	L27
   388 000004B3 6A 00                           	PUSH	0
   389 000004B5 56                              	PUSH	ESI
   390 000004B6 FF B5 FFFFFD98                  	PUSH	DWORD [-616+EBP]
   391 000004BC E8 [00000000]                   	CALL	_timer_init
   392 000004C1 6A 6F                           	PUSH	111
   393 000004C3 6A 0F                           	PUSH	15
   394 000004C5 6A 60                           	PUSH	96
   395 000004C7 6A 08                           	PUSH	8
   396 000004C9 6A 07                           	PUSH	7
   397 000004CB                                 L31:
   398 000004CB 0F BF 05 00000FF4               	MOVSX	EAX,WORD [4084]
   399 000004D2 50                              	PUSH	EAX
   400 000004D3 FF B5 FFFFFD80                  	PUSH	DWORD [-640+EBP]
   401 000004D9 E8 [00000000]                   	CALL	_boxfill8
   402 000004DE 83 C4 28                        	ADD	ESP,40
   403 000004E1 6A 32                           	PUSH	50
   404 000004E3 FF B5 FFFFFD98                  	PUSH	DWORD [-616+EBP]
   405 000004E9 E8 [00000000]                   	CALL	_timer_settime
   406 000004EE 6A 70                           	PUSH	112
   407 000004F0 6A 10                           	PUSH	16
   408 000004F2 6A 60                           	PUSH	96
   409 000004F4 6A 08                           	PUSH	8
   410 000004F6 FF B5 FFFFFD8C                  	PUSH	DWORD [-628+EBP]
   411 000004FC E8 [00000000]                   	CALL	_sheet_refresh
   412 00000501 83 C4 1C                        	ADD	ESP,28
   413 00000504 E9 FFFFFE97                     	JMP	L2
   414 00000509                                 L27:
   415 00000509 6A 01                           	PUSH	1
   416 0000050B 56                              	PUSH	ESI
   417 0000050C FF B5 FFFFFD98                  	PUSH	DWORD [-616+EBP]
   418 00000512 E8 [00000000]                   	CALL	_timer_init
   419 00000517 6A 6F                           	PUSH	111
   420 00000519 6A 0F                           	PUSH	15
   421 0000051B 6A 60                           	PUSH	96
   422 0000051D 6A 08                           	PUSH	8
   423 0000051F 6A 0E                           	PUSH	14
   424 00000521 EB A8                           	JMP	L31
   425 00000523                                 L36:
   426 00000523 53                              	PUSH	EBX
   427 00000524 E8 [00000000]                   	CALL	_fifo8_get
   428 00000529 E8 [00000000]                   	CALL	_io_sti
   429 0000052E 68 [00000033]                   	PUSH	LC7
   430 00000533 6A 07                           	PUSH	7
   431 00000535 6A 50                           	PUSH	80
   432 00000537 6A 00                           	PUSH	0
   433 00000539 0F BF 05 00000FF4               	MOVSX	EAX,WORD [4084]
   434 00000540 50                              	PUSH	EAX
   435 00000541 FF B5 FFFFFD80                  	PUSH	DWORD [-640+EBP]
   436 00000547 E8 [00000000]                   	CALL	_putfonts8_asc
   437 0000054C 6A 60                           	PUSH	96
   438 0000054E 6A 30                           	PUSH	48
   439 00000550 6A 50                           	PUSH	80
   440 00000552                                 L29:
   441 00000552 6A 00                           	PUSH	0
   442 00000554 FF B5 FFFFFD8C                  	PUSH	DWORD [-628+EBP]
   443 0000055A E8 [00000000]                   	CALL	_sheet_refresh
   444 0000055F 83 C4 30                        	ADD	ESP,48
   445 00000562 E9 FFFFFE39                     	JMP	L2
   446 00000567                                 L35:
   447 00000567 57                              	PUSH	EDI
   448 00000568 E8 [00000000]                   	CALL	_fifo8_get
   449 0000056D E8 [00000000]                   	CALL	_io_sti
   450 00000572 68 [0000003A]                   	PUSH	LC6
   451 00000577 6A 07                           	PUSH	7
   452 00000579 6A 40                           	PUSH	64
   453 0000057B 6A 00                           	PUSH	0
   454 0000057D 0F BF 05 00000FF4               	MOVSX	EAX,WORD [4084]
   455 00000584 50                              	PUSH	EAX
   456 00000585 FF B5 FFFFFD80                  	PUSH	DWORD [-640+EBP]
   457 0000058B E8 [00000000]                   	CALL	_putfonts8_asc
   458 00000590 6A 50                           	PUSH	80
   459 00000592 6A 38                           	PUSH	56
   460 00000594 6A 40                           	PUSH	64
   461 00000596 EB BA                           	JMP	L29
   462 00000598                                 L34:
   463 00000598 68 [00000000]                   	PUSH	_mousefifo
   464 0000059D E8 [00000000]                   	CALL	_fifo8_get
   465 000005A2 89 C3                           	MOV	EBX,EAX
   466 000005A4 E8 [00000000]                   	CALL	_io_sti
   467 000005A9 0F B6 C3                        	MOVZX	EAX,BL
   468 000005AC 50                              	PUSH	EAX
   469 000005AD 8D 85 FFFFFEB4                  	LEA	EAX,DWORD [-332+EBP]
   470 000005B3 50                              	PUSH	EAX
   471 000005B4 E8 [00000000]                   	CALL	_mouse_decode
   472 000005B9 83 C4 0C                        	ADD	ESP,12
   473 000005BC 85 C0                           	TEST	EAX,EAX
   474 000005BE 0F 84 FFFFFDDC                  	JE	L2
   475 000005C4 FF B5 FFFFFEBC                  	PUSH	DWORD [-324+EBP]
   476 000005CA FF B5 FFFFFEB8                  	PUSH	DWORD [-328+EBP]
   477 000005D0 68 [00000042]                   	PUSH	LC5
   478 000005D5 8D 95 FFFFFF64                  	LEA	EDX,DWORD [-156+EBP]
   479 000005DB 52                              	PUSH	EDX
   480 000005DC E8 [00000000]                   	CALL	_sprintf
   481 000005E1 83 C4 10                        	ADD	ESP,16
   482 000005E4 F7 85 FFFFFEC0 00000001         	TEST	DWORD [-320+EBP],1
   483 000005EE 74 3B                           	JE	L11
   484 000005F0 C6 85 FFFFFF65 4C               	MOV	BYTE [-155+EBP],76
   485 000005F7 83 BD FFFFFD78 01               	CMP	DWORD [-648+EBP],1
   486 000005FE 0F 84 0000019E                  	JE	L37
   487 00000604 6A 02                           	PUSH	2
   488 00000606 FF B5 FFFFFD84                  	PUSH	DWORD [-636+EBP]
   489 0000060C C7 85 FFFFFD78 00000001         	MOV	DWORD [-648+EBP],1
   490 00000616 E8 [00000000]                   	CALL	_sheet_updown
   491 0000061B 6A 02                           	PUSH	2
   492 0000061D FF B5 FFFFFD88                  	PUSH	DWORD [-632+EBP]
   493 00000623 E8 [00000000]                   	CALL	_sheet_updown
   494 00000628 83 C4 10                        	ADD	ESP,16
   495 0000062B                                 L11:
   496 0000062B 8B 85 FFFFFEC0                  	MOV	EAX,DWORD [-320+EBP]
   497 00000631 A9 00000002                     	TEST	EAX,2
   498 00000636 74 07                           	JE	L15
   499 00000638 C6 85 FFFFFF67 52               	MOV	BYTE [-153+EBP],82
   500 0000063F                                 L15:
   501 0000063F 83 E0 04                        	AND	EAX,4
   502 00000642 74 07                           	JE	L16
   503 00000644 C6 85 FFFFFF66 43               	MOV	BYTE [-154+EBP],67
   504 0000064B                                 L16:
   505 0000064B 6A 1F                           	PUSH	31
   506 0000064D 8D 9D FFFFFF64                  	LEA	EBX,DWORD [-156+EBP]
   507 00000653 68 00000097                     	PUSH	151
   508 00000658 6A 10                           	PUSH	16
   509 0000065A 6A 20                           	PUSH	32
   510 0000065C 6A 0E                           	PUSH	14
   511 0000065E 0F BF 05 00000FF4               	MOVSX	EAX,WORD [4084]
   512 00000665 50                              	PUSH	EAX
   513 00000666 FF B5 FFFFFD80                  	PUSH	DWORD [-640+EBP]
   514 0000066C E8 [00000000]                   	CALL	_boxfill8
   515 00000671 53                              	PUSH	EBX
   516 00000672 6A 07                           	PUSH	7
   517 00000674 6A 10                           	PUSH	16
   518 00000676 6A 20                           	PUSH	32
   519 00000678 0F BF 05 00000FF4               	MOVSX	EAX,WORD [4084]
   520 0000067F 50                              	PUSH	EAX
   521 00000680 FF B5 FFFFFD80                  	PUSH	DWORD [-640+EBP]
   522 00000686 E8 [00000000]                   	CALL	_putfonts8_asc
   523 0000068B 83 C4 34                        	ADD	ESP,52
   524 0000068E 6A 20                           	PUSH	32
   525 00000690 68 00000098                     	PUSH	152
   526 00000695 6A 10                           	PUSH	16
   527 00000697 6A 20                           	PUSH	32
   528 00000699 FF B5 FFFFFD8C                  	PUSH	DWORD [-628+EBP]
   529 0000069F E8 [00000000]                   	CALL	_sheet_refresh
   530 000006A4 8B 95 FFFFFEB8                  	MOV	EDX,DWORD [-328+EBP]
   531 000006AA 8B 85 FFFFFEBC                  	MOV	EAX,DWORD [-324+EBP]
   532 000006B0 83 C4 14                        	ADD	ESP,20
   533 000006B3 01 85 FFFFFD90                  	ADD	DWORD [-624+EBP],EAX
   534 000006B9 01 95 FFFFFD94                  	ADD	DWORD [-620+EBP],EDX
   535 000006BF 0F 88 000000CE                  	JS	L38
   536 000006C5                                 L17:
   537 000006C5 83 BD FFFFFD90 00               	CMP	DWORD [-624+EBP],0
   538 000006CC 0F 88 000000B2                  	JS	L39
   539 000006D2                                 L18:
   540 000006D2 0F BF 05 00000FF4               	MOVSX	EAX,WORD [4084]
   541 000006D9 48                              	DEC	EAX
   542 000006DA 39 85 FFFFFD94                  	CMP	DWORD [-620+EBP],EAX
   543 000006E0 7E 06                           	JLE	L19
   544 000006E2 89 85 FFFFFD94                  	MOV	DWORD [-620+EBP],EAX
   545 000006E8                                 L19:
   546 000006E8 0F BF 05 00000FF6               	MOVSX	EAX,WORD [4086]
   547 000006EF 48                              	DEC	EAX
   548 000006F0 39 85 FFFFFD90                  	CMP	DWORD [-624+EBP],EAX
   549 000006F6 7E 06                           	JLE	L20
   550 000006F8 89 85 FFFFFD90                  	MOV	DWORD [-624+EBP],EAX
   551 000006FE                                 L20:
   552 000006FE FF B5 FFFFFD90                  	PUSH	DWORD [-624+EBP]
   553 00000704 FF B5 FFFFFD94                  	PUSH	DWORD [-620+EBP]
   554 0000070A 68 [00000008]                   	PUSH	LC1
   555 0000070F 53                              	PUSH	EBX
   556 00000710 E8 [00000000]                   	CALL	_sprintf
   557 00000715 6A 0F                           	PUSH	15
   558 00000717 6A 4F                           	PUSH	79
   559 00000719 6A 00                           	PUSH	0
   560 0000071B 6A 00                           	PUSH	0
   561 0000071D 6A 0E                           	PUSH	14
   562 0000071F 0F BF 05 00000FF4               	MOVSX	EAX,WORD [4084]
   563 00000726 50                              	PUSH	EAX
   564 00000727 FF B5 FFFFFD80                  	PUSH	DWORD [-640+EBP]
   565 0000072D E8 [00000000]                   	CALL	_boxfill8
   566 00000732 83 C4 2C                        	ADD	ESP,44
   567 00000735 53                              	PUSH	EBX
   568 00000736 6A 07                           	PUSH	7
   569 00000738 6A 00                           	PUSH	0
   570 0000073A 6A 00                           	PUSH	0
   571 0000073C 0F BF 05 00000FF4               	MOVSX	EAX,WORD [4084]
   572 00000743 50                              	PUSH	EAX
   573 00000744 FF B5 FFFFFD80                  	PUSH	DWORD [-640+EBP]
   574 0000074A E8 [00000000]                   	CALL	_putfonts8_asc
   575 0000074F 6A 10                           	PUSH	16
   576 00000751 6A 50                           	PUSH	80
   577 00000753 6A 00                           	PUSH	0
   578 00000755 6A 00                           	PUSH	0
   579 00000757 FF B5 FFFFFD8C                  	PUSH	DWORD [-628+EBP]
   580 0000075D E8 [00000000]                   	CALL	_sheet_refresh
   581 00000762 83 C4 2C                        	ADD	ESP,44
   582 00000765 FF B5 FFFFFD90                  	PUSH	DWORD [-624+EBP]
   583 0000076B FF B5 FFFFFD94                  	PUSH	DWORD [-620+EBP]
   584 00000771 FF B5 FFFFFD88                  	PUSH	DWORD [-632+EBP]
   585 00000777 E8 [00000000]                   	CALL	_sheet_slide
   586 0000077C 83 C4 0C                        	ADD	ESP,12
   587 0000077F E9 FFFFFC1C                     	JMP	L2
   588 00000784                                 L39:
   589 00000784 C7 85 FFFFFD90 00000000         	MOV	DWORD [-624+EBP],0
   590 0000078E E9 FFFFFF3F                     	JMP	L18
   591 00000793                                 L38:
   592 00000793 C7 85 FFFFFD94 00000000         	MOV	DWORD [-620+EBP],0
   593 0000079D E9 FFFFFF23                     	JMP	L17
   594 000007A2                                 L37:
   595 000007A2 8B 85 FFFFFD94                  	MOV	EAX,DWORD [-620+EBP]
   596 000007A8 2D 0000012B                     	SUB	EAX,299
   597 000007AD 83 F8 0F                        	CMP	EAX,15
   598 000007B0 0F 87 FFFFFE75                  	JA	L11
   599 000007B6 83 BD FFFFFD90 05               	CMP	DWORD [-624+EBP],5
   600 000007BD 0F 8E FFFFFE68                  	JLE	L11
   601 000007C3 83 BD FFFFFD90 11               	CMP	DWORD [-624+EBP],17
   602 000007CA 0F 8F FFFFFE5B                  	JG	L11
   603 000007D0 6A 00                           	PUSH	0
   604 000007D2 FF B5 FFFFFD84                  	PUSH	DWORD [-636+EBP]
   605 000007D8 C7 85 FFFFFD78 00000000         	MOV	DWORD [-648+EBP],0
   606 000007E2 E8 [00000000]                   	CALL	_sheet_updown
   607 000007E7 5E                              	POP	ESI
   608 000007E8 5F                              	POP	EDI
   609 000007E9 E9 FFFFFE3D                     	JMP	L11
   610 000007EE                                 L33:
   611 000007EE 68 [00000000]                   	PUSH	_keyfifo
   612 000007F3 E8 [00000000]                   	CALL	_fifo8_get
   613 000007F8 89 C3                           	MOV	EBX,EAX
   614 000007FA E8 [00000000]                   	CALL	_io_sti
   615 000007FF 53                              	PUSH	EBX
   616 00000800 8D 9D FFFFFF64                  	LEA	EBX,DWORD [-156+EBP]
   617 00000806 68 [00000050]                   	PUSH	LC4
   618 0000080B 53                              	PUSH	EBX
   619 0000080C E8 [00000000]                   	CALL	_sprintf
   620 00000811 6A 1F                           	PUSH	31
   621 00000813 6A 0F                           	PUSH	15
   622 00000815 6A 10                           	PUSH	16
   623 00000817 6A 00                           	PUSH	0
   624 00000819 6A 0E                           	PUSH	14
   625 0000081B 0F BF 05 00000FF4               	MOVSX	EAX,WORD [4084]
   626 00000822 50                              	PUSH	EAX
   627 00000823 FF B5 FFFFFD80                  	PUSH	DWORD [-640+EBP]
   628 00000829 E8 [00000000]                   	CALL	_boxfill8
   629 0000082E 83 C4 2C                        	ADD	ESP,44
   630 00000831 53                              	PUSH	EBX
   631 00000832 6A 07                           	PUSH	7
   632 00000834 6A 10                           	PUSH	16
   633 00000836 6A 00                           	PUSH	0
   634 00000838 0F BF 05 00000FF4               	MOVSX	EAX,WORD [4084]
   635 0000083F 50                              	PUSH	EAX
   636 00000840 FF B5 FFFFFD80                  	PUSH	DWORD [-640+EBP]
   637 00000846 E8 [00000000]                   	CALL	_putfonts8_asc
   638 0000084B 6A 20                           	PUSH	32
   639 0000084D 6A 10                           	PUSH	16
   640 0000084F 6A 10                           	PUSH	16
   641 00000851 E9 FFFFFB3A                     	JMP	L30
   642 00000856                                 L32:
   643 00000856 E8 [00000000]                   	CALL	_io_sti
   644 0000085B E9 FFFFFB40                     	JMP	L2
   645                                          [SECTION .data]
   646 00000055                                 _closebtn.0:
   647 00000055 4F 4F 4F 4F 4F 4F 4F 4F 4F 4F   	DB	"OOOOOOOOOOOOOOO@"
       0000005F 4F 4F 4F 4F 4F 40 
   648 00000065 4F 51 51 51 51 51 51 51 51 51   	DB	"OQQQQQQQQQQQQQ$@"
       0000006F 51 51 51 51 24 40 
   649 00000075 4F 51 51 51 51 51 51 51 51 51   	DB	"OQQQQQQQQQQQQQ$@"
       0000007F 51 51 51 51 24 40 
   650 00000085 4F 51 51 51 40 40 51 51 51 51   	DB	"OQQQ@@QQQQ@@QQ$@"
       0000008F 40 40 51 51 24 40 
   651 00000095 4F 51 51 51 51 40 40 51 51 40   	DB	"OQQQQ@@QQ@@QQQ$@"
       0000009F 40 51 51 51 24 40 
   652 000000A5 4F 51 51 51 51 51 40 40 40 40   	DB	"OQQQQQ@@@@QQQQ$@"
       000000AF 51 51 51 51 24 40 
   653 000000B5 4F 51 51 51 51 51 51 40 40 51   	DB	"OQQQQQQ@@QQQQQ$@"
       000000BF 51 51 51 51 24 40 
   654 000000C5 4F 51 51 51 51 51 40 40 40 40   	DB	"OQQQQQ@@@@QQQQ$@"
       000000CF 51 51 51 51 24 40 
   655 000000D5 4F 51 51 51 51 40 40 51 51 40   	DB	"OQQQQ@@QQ@@QQQ$@"
       000000DF 40 51 51 51 24 40 
   656 000000E5 4F 51 51 51 40 40 51 51 51 51   	DB	"OQQQ@@QQQQ@@QQ$@"
       000000EF 40 40 51 51 24 40 
   657 000000F5 4F 51 51 51 51 51 51 51 51 51   	DB	"OQQQQQQQQQQQQQ$@"
       000000FF 51 51 51 51 24 40 
   658 00000105 4F 51 51 51 51 51 51 51 51 51   	DB	"OQQQQQQQQQQQQQ$@"
       0000010F 51 51 51 51 24 40 
   659 00000115 4F 24 24 24 24 24 24 24 24 24   	DB	"O$$$$$$$$$$$$$$@"
       0000011F 24 24 24 24 24 40 
   660 00000125 40 40 40 40 40 40 40 40 40 40   	DB	"@@@@@@@@@@@@@@@@"
       0000012F 40 40 40 40 40 40 
   661                                          [SECTION .text]
   662 00000860                                 	GLOBAL	_make_window8
   663 00000860                                 _make_window8:
   664 00000860 55                              	PUSH	EBP
   665 00000861 89 E5                           	MOV	EBP,ESP
   666 00000863 57                              	PUSH	EDI
   667 00000864 56                              	PUSH	ESI
   668 00000865 53                              	PUSH	EBX
   669 00000866 83 EC 14                        	SUB	ESP,20
   670 00000869 8B 5D 0C                        	MOV	EBX,DWORD [12+EBP]
   671 0000086C 6A 00                           	PUSH	0
   672 0000086E 8D 43 FF                        	LEA	EAX,DWORD [-1+EBX]
   673 00000871 8D 7B FE                        	LEA	EDI,DWORD [-2+EBX]
   674 00000874 50                              	PUSH	EAX
   675 00000875 89 45 EC                        	MOV	DWORD [-20+EBP],EAX
   676 00000878 6A 00                           	PUSH	0
   677 0000087A 6A 00                           	PUSH	0
   678 0000087C 6A 08                           	PUSH	8
   679 0000087E 53                              	PUSH	EBX
   680 0000087F FF 75 08                        	PUSH	DWORD [8+EBP]
   681 00000882 E8 [00000000]                   	CALL	_boxfill8
   682 00000887 6A 01                           	PUSH	1
   683 00000889 57                              	PUSH	EDI
   684 0000088A 6A 01                           	PUSH	1
   685 0000088C 6A 01                           	PUSH	1
   686 0000088E 6A 07                           	PUSH	7
   687 00000890 53                              	PUSH	EBX
   688 00000891 FF 75 08                        	PUSH	DWORD [8+EBP]
   689 00000894 E8 [00000000]                   	CALL	_boxfill8
   690 00000899 8B 55 10                        	MOV	EDX,DWORD [16+EBP]
   691 0000089C 83 C4 38                        	ADD	ESP,56
   692 0000089F 4A                              	DEC	EDX
   693 000008A0 89 55 E8                        	MOV	DWORD [-24+EBP],EDX
   694 000008A3 52                              	PUSH	EDX
   695 000008A4 6A 00                           	PUSH	0
   696 000008A6 6A 00                           	PUSH	0
   697 000008A8 6A 00                           	PUSH	0
   698 000008AA 6A 08                           	PUSH	8
   699 000008AC 53                              	PUSH	EBX
   700 000008AD FF 75 08                        	PUSH	DWORD [8+EBP]
   701 000008B0 E8 [00000000]                   	CALL	_boxfill8
   702 000008B5 8B 75 10                        	MOV	ESI,DWORD [16+EBP]
   703 000008B8 83 EE 02                        	SUB	ESI,2
   704 000008BB 56                              	PUSH	ESI
   705 000008BC 6A 01                           	PUSH	1
   706 000008BE 6A 01                           	PUSH	1
   707 000008C0 6A 01                           	PUSH	1
   708 000008C2 6A 07                           	PUSH	7
   709 000008C4 53                              	PUSH	EBX
   710 000008C5 FF 75 08                        	PUSH	DWORD [8+EBP]
   711 000008C8 E8 [00000000]                   	CALL	_boxfill8
   712 000008CD 83 C4 38                        	ADD	ESP,56
   713 000008D0 56                              	PUSH	ESI
   714 000008D1 57                              	PUSH	EDI
   715 000008D2 6A 01                           	PUSH	1
   716 000008D4 57                              	PUSH	EDI
   717 000008D5 6A 0F                           	PUSH	15
   718 000008D7 53                              	PUSH	EBX
   719 000008D8 FF 75 08                        	PUSH	DWORD [8+EBP]
   720 000008DB E8 [00000000]                   	CALL	_boxfill8
   721 000008E0 FF 75 E8                        	PUSH	DWORD [-24+EBP]
   722 000008E3 FF 75 EC                        	PUSH	DWORD [-20+EBP]
   723 000008E6 6A 00                           	PUSH	0
   724 000008E8 FF 75 EC                        	PUSH	DWORD [-20+EBP]
   725 000008EB 6A 00                           	PUSH	0
   726 000008ED 53                              	PUSH	EBX
   727 000008EE FF 75 08                        	PUSH	DWORD [8+EBP]
   728 000008F1 E8 [00000000]                   	CALL	_boxfill8
   729 000008F6 8B 45 10                        	MOV	EAX,DWORD [16+EBP]
   730 000008F9 83 C4 38                        	ADD	ESP,56
   731 000008FC 83 E8 03                        	SUB	EAX,3
   732 000008FF 50                              	PUSH	EAX
   733 00000900 8D 43 FD                        	LEA	EAX,DWORD [-3+EBX]
   734 00000903 50                              	PUSH	EAX
   735 00000904 6A 02                           	PUSH	2
   736 00000906 6A 02                           	PUSH	2
   737 00000908 6A 08                           	PUSH	8
   738 0000090A 53                              	PUSH	EBX
   739 0000090B FF 75 08                        	PUSH	DWORD [8+EBP]
   740 0000090E E8 [00000000]                   	CALL	_boxfill8
   741 00000913 8D 43 FC                        	LEA	EAX,DWORD [-4+EBX]
   742 00000916 6A 14                           	PUSH	20
   743 00000918 50                              	PUSH	EAX
   744 00000919 6A 03                           	PUSH	3
   745 0000091B 6A 03                           	PUSH	3
   746 0000091D 6A 0C                           	PUSH	12
   747 0000091F 53                              	PUSH	EBX
   748 00000920 FF 75 08                        	PUSH	DWORD [8+EBP]
   749 00000923 E8 [00000000]                   	CALL	_boxfill8
   750 00000928 83 C4 38                        	ADD	ESP,56
   751 0000092B 56                              	PUSH	ESI
   752 0000092C 57                              	PUSH	EDI
   753 0000092D 56                              	PUSH	ESI
   754 0000092E 6A 01                           	PUSH	1
   755 00000930 6A 0F                           	PUSH	15
   756 00000932 53                              	PUSH	EBX
   757 00000933 FF 75 08                        	PUSH	DWORD [8+EBP]
   758 00000936 E8 [00000000]                   	CALL	_boxfill8
   759 0000093B FF 75 E8                        	PUSH	DWORD [-24+EBP]
   760 0000093E FF 75 EC                        	PUSH	DWORD [-20+EBP]
   761 00000941 FF 75 E8                        	PUSH	DWORD [-24+EBP]
   762 00000944 6A 00                           	PUSH	0
   763 00000946 6A 00                           	PUSH	0
   764 00000948 6B F3 05                        	IMUL	ESI,EBX,5
   765 0000094B 53                              	PUSH	EBX
   766 0000094C FF 75 08                        	PUSH	DWORD [8+EBP]
   767 0000094F E8 [00000000]                   	CALL	_boxfill8
   768 00000954 83 C4 38                        	ADD	ESP,56
   769 00000957 FF 75 14                        	PUSH	DWORD [20+EBP]
   770 0000095A 6A 07                           	PUSH	7
   771 0000095C 6A 04                           	PUSH	4
   772 0000095E 6A 18                           	PUSH	24
   773 00000960 53                              	PUSH	EBX
   774 00000961 FF 75 08                        	PUSH	DWORD [8+EBP]
   775 00000964 E8 [00000000]                   	CALL	_putfonts8_asc
   776 00000969 83 C4 18                        	ADD	ESP,24
   777 0000096C C7 45 F0 00000000               	MOV	DWORD [-16+EBP],0
   778 00000973 C7 45 E0 00000000               	MOV	DWORD [-32+EBP],0
   779 0000097A                                 L56:
   780 0000097A 8D 04 1E                        	LEA	EAX,DWORD [ESI+EBX*1]
   781 0000097D 8B 55 08                        	MOV	EDX,DWORD [8+EBP]
   782 00000980 31 FF                           	XOR	EDI,EDI
   783 00000982 8D 4C 02 EB                     	LEA	ECX,DWORD [-21+EDX+EAX*1]
   784 00000986                                 L55:
   785 00000986 8B 45 E0                        	MOV	EAX,DWORD [-32+EBP]
   786 00000989 8A 94 07 [00000055]             	MOV	DL,BYTE [_closebtn.0+EDI+EAX*1]
   787 00000990 80 FA 40                        	CMP	DL,64
   788 00000993 74 33                           	JE	L61
   789 00000995 80 FA 24                        	CMP	DL,36
   790 00000998 74 2A                           	JE	L62
   791 0000099A 80 FA 51                        	CMP	DL,81
   792 0000099D B2 08                           	MOV	DL,8
   793 0000099F 0F 95 C0                        	SETNE	AL
   794 000009A2 28 C2                           	SUB	DL,AL
   795 000009A4                                 L50:
   796 000009A4 47                              	INC	EDI
   797 000009A5 88 11                           	MOV	BYTE [ECX],DL
   798 000009A7 41                              	INC	ECX
   799 000009A8 83 FF 0F                        	CMP	EDI,15
   800 000009AB 7E D9                           	JLE	L55
   801 000009AD FF 45 F0                        	INC	DWORD [-16+EBP]
   802 000009B0 01 DE                           	ADD	ESI,EBX
   803 000009B2 83 45 E0 10                     	ADD	DWORD [-32+EBP],16
   804 000009B6 83 7D F0 0D                     	CMP	DWORD [-16+EBP],13
   805 000009BA 7E BE                           	JLE	L56
   806 000009BC 8D 65 F4                        	LEA	ESP,DWORD [-12+EBP]
   807 000009BF 5B                              	POP	EBX
   808 000009C0 5E                              	POP	ESI
   809 000009C1 5F                              	POP	EDI
   810 000009C2 5D                              	POP	EBP
   811 000009C3 C3                              	RET
   812 000009C4                                 L62:
   813 000009C4 B2 0F                           	MOV	DL,15
   814 000009C6 EB DC                           	JMP	L50
   815 000009C8                                 L61:
   816 000009C8 31 D2                           	XOR	EDX,EDX
   817 000009CA EB D8                           	JMP	L50
