     1 00000000                                 [FORMAT "WCOFF"]
     2 00000000                                 [INSTRSET "i486p"]
     3 00000000                                 [OPTIMIZE 1]
     4 00000000                                 [OPTION 1]
     5 00000000                                 [BITS 32]
     6 00000000                                 	EXTERN	_init_gdtidt
     7 00000000                                 	EXTERN	_init_pic
     8 00000000                                 	EXTERN	_io_sti
     9 00000000                                 	EXTERN	_fifo32_init
    10 00000000                                 	EXTERN	_init_pit
    11 00000000                                 	EXTERN	_init_keyboard
    12 00000000                                 	EXTERN	_enable_mouse
    13 00000000                                 	EXTERN	_io_out8
    14 00000000                                 	EXTERN	_timer_alloc
    15 00000000                                 	EXTERN	_timer_init
    16 00000000                                 	EXTERN	_timer_settime
    17 00000000                                 	EXTERN	_memtest
    18 00000000                                 	EXTERN	_memman_init
    19 00000000                                 	EXTERN	_memman_free
    20 00000000                                 	EXTERN	_init_palette
    21 00000000                                 	EXTERN	_shtctl_init
    22 00000000                                 	EXTERN	_sheet_alloc
    23 00000000                                 	EXTERN	_memman_alloc_4k
    24 00000000                                 	EXTERN	_sheet_setbuf
    25 00000000                                 	EXTERN	_init_screen8
    26 00000000                                 	EXTERN	_init_mouse_cursor8
    27 00000000                                 	EXTERN	_sheet_slide
    28 00000000                                 	EXTERN	_sheet_updown
    29 00000000                                 	EXTERN	_memman_total
    30 00000000                                 	EXTERN	_sprintf
    31 00000000                                 	EXTERN	_boxfill8
    32 00000000                                 	EXTERN	_putfonts8_asc
    33 00000000                                 	EXTERN	_timerctl
    34 00000000                                 	EXTERN	_sheet_refresh
    35 00000000                                 	EXTERN	_io_cli
    36 00000000                                 	EXTERN	_fifo32_status
    37 00000000                                 	EXTERN	_fifo32_get
    38 00000000                                 	EXTERN	_mouse_decode
    39 00000000                                 [FILE "bootpack.c"]
    40                                          [SECTION .data]
    41 00000000                                 LC0:
    42 00000000 63 6F 75 6E 74 65 72 00         	DB	"counter",0x00
    43 00000008                                 LC1:
    44 00000008 6D 65 6D 6F 72 79 20 25 64 4D   	DB	"memory %dMB   free : %dKB",0x00
       00000012 42 20 20 20 66 72 65 65 20 3A 
       0000001C 20 25 64 4B 42 00 
    45 00000022                                 LC2:
    46 00000022 63 6C 65 61 6E 00               	DB	"clean",0x00
    47 00000028                                 LC3:
    48 00000028 70 61 75 73 65 00               	DB	"pause",0x00
    49 0000002E                                 LC4:
    50 0000002E 25 30 31 30 64 00               	DB	"%010d",0x00
    51 00000034                                 LC11:
    52 00000034 33 5B 73 65 63 5D 00            	DB	"3[sec]",0x00
    53 0000003B                                 LC10:
    54 0000003B 31 30 5B 73 65 63 5D 00         	DB	"10[sec]",0x00
    55 00000043                                 LC6:
    56 00000043 5B 6C 63 72 20 25 34 64 20 25   	DB	"[lcr %4d %4d]",0x00
       0000004D 34 64 5D 00 
    57 00000051                                 LC8:
    58 00000051 28 25 33 64 2C 20 25 33 64 29   	DB	"(%3d, %3d)",0x00
       0000005B 00 
    59 0000005C                                 LC9:
    60 0000005C 28 25 64 29 00                  	DB	"(%d)",0x00
    61 00000061                                 LC7:
    62 00000061 63 6F 6E 74 69 6E 75 65 00      	DB	"continue",0x00
    63 0000006A                                 LC5:
    64 0000006A 25 30 32 58 00                  	DB	"%02X",0x00
    65                                          [SECTION .text]
    66 00000000                                 	GLOBAL	_HariMain
    67 00000000                                 _HariMain:
    68 00000000 55                              	PUSH	EBP
    69 00000001 89 E5                           	MOV	EBP,ESP
    70 00000003 57                              	PUSH	EDI
    71 00000004 56                              	PUSH	ESI
    72 00000005 53                              	PUSH	EBX
    73 00000006 8D 75 D4                        	LEA	ESI,DWORD [-44+EBP]
    74 00000009 81 EC 000003CC                  	SUB	ESP,972
    75 0000000F C7 85 FFFFFC54 00000000         	MOV	DWORD [-940+EBP],0
    76 00000019 C7 85 FFFFFC50 00000000         	MOV	DWORD [-944+EBP],0
    77 00000023 C7 85 FFFFFC38 00000000         	MOV	DWORD [-968+EBP],0
    78 0000002D C7 85 FFFFFC34 00000000         	MOV	DWORD [-972+EBP],0
    79 00000037 C7 85 FFFFFC30 00000000         	MOV	DWORD [-976+EBP],0
    80 00000041 E8 [00000000]                   	CALL	_init_gdtidt
    81 00000046 E8 [00000000]                   	CALL	_init_pic
    82 0000004B E8 [00000000]                   	CALL	_io_sti
    83 00000050 8D 85 FFFFFDA4                  	LEA	EAX,DWORD [-604+EBP]
    84 00000056 50                              	PUSH	EAX
    85 00000057 68 00000080                     	PUSH	128
    86 0000005C 56                              	PUSH	ESI
    87 0000005D E8 [00000000]                   	CALL	_fifo32_init
    88 00000062 E8 [00000000]                   	CALL	_init_pit
    89 00000067 68 00000100                     	PUSH	256
    90 0000006C 56                              	PUSH	ESI
    91 0000006D E8 [00000000]                   	CALL	_init_keyboard
    92 00000072 8D 85 FFFFFD94                  	LEA	EAX,DWORD [-620+EBP]
    93 00000078 50                              	PUSH	EAX
    94 00000079 68 00000200                     	PUSH	512
    95 0000007E 56                              	PUSH	ESI
    96 0000007F E8 [00000000]                   	CALL	_enable_mouse
    97 00000084 83 C4 20                        	ADD	ESP,32
    98 00000087 68 000000F8                     	PUSH	248
    99 0000008C 6A 21                           	PUSH	33
   100 0000008E E8 [00000000]                   	CALL	_io_out8
   101 00000093 68 000000EF                     	PUSH	239
   102 00000098 68 000000A1                     	PUSH	161
   103 0000009D E8 [00000000]                   	CALL	_io_out8
   104 000000A2 E8 [00000000]                   	CALL	_timer_alloc
   105 000000A7 6A 0A                           	PUSH	10
   106 000000A9 56                              	PUSH	ESI
   107 000000AA 89 C3                           	MOV	EBX,EAX
   108 000000AC 50                              	PUSH	EAX
   109 000000AD E8 [00000000]                   	CALL	_timer_init
   110 000000B2 68 000003E8                     	PUSH	1000
   111 000000B7 53                              	PUSH	EBX
   112 000000B8 E8 [00000000]                   	CALL	_timer_settime
   113 000000BD 83 C4 24                        	ADD	ESP,36
   114 000000C0 E8 [00000000]                   	CALL	_timer_alloc
   115 000000C5 6A 03                           	PUSH	3
   116 000000C7 89 C3                           	MOV	EBX,EAX
   117 000000C9 56                              	PUSH	ESI
   118 000000CA 50                              	PUSH	EAX
   119 000000CB E8 [00000000]                   	CALL	_timer_init
   120 000000D0 68 0000012C                     	PUSH	300
   121 000000D5 53                              	PUSH	EBX
   122 000000D6 E8 [00000000]                   	CALL	_timer_settime
   123 000000DB E8 [00000000]                   	CALL	_timer_alloc
   124 000000E0 6A 01                           	PUSH	1
   125 000000E2 56                              	PUSH	ESI
   126 000000E3 50                              	PUSH	EAX
   127 000000E4 89 85 FFFFFC60                  	MOV	DWORD [-928+EBP],EAX
   128 000000EA E8 [00000000]                   	CALL	_timer_init
   129 000000EF 83 C4 20                        	ADD	ESP,32
   130 000000F2 6A 32                           	PUSH	50
   131 000000F4 FF B5 FFFFFC60                  	PUSH	DWORD [-928+EBP]
   132 000000FA E8 [00000000]                   	CALL	_timer_settime
   133 000000FF 68 BFFFFFFF                     	PUSH	-1073741825
   134 00000104 68 00400000                     	PUSH	4194304
   135 00000109 E8 [00000000]                   	CALL	_memtest
   136 0000010E 68 003C0000                     	PUSH	3932160
   137 00000113 89 C6                           	MOV	ESI,EAX
   138 00000115 E8 [00000000]                   	CALL	_memman_init
   139 0000011A 68 0009E000                     	PUSH	647168
   140 0000011F 68 00001000                     	PUSH	4096
   141 00000124 68 003C0000                     	PUSH	3932160
   142 00000129 E8 [00000000]                   	CALL	_memman_free
   143 0000012E 8D 86 FFC00000                  	LEA	EAX,DWORD [-4194304+ESI]
   144 00000134 C1 EE 14                        	SHR	ESI,20
   145 00000137 83 C4 20                        	ADD	ESP,32
   146 0000013A 50                              	PUSH	EAX
   147 0000013B 68 00400000                     	PUSH	4194304
   148 00000140 68 003C0000                     	PUSH	3932160
   149 00000145 E8 [00000000]                   	CALL	_memman_free
   150 0000014A E8 [00000000]                   	CALL	_init_palette
   151 0000014F 0F BF 05 00000FF6               	MOVSX	EAX,WORD [4086]
   152 00000156 50                              	PUSH	EAX
   153 00000157 0F BF 05 00000FF4               	MOVSX	EAX,WORD [4084]
   154 0000015E 50                              	PUSH	EAX
   155 0000015F FF 35 00000FF8                  	PUSH	DWORD [4088]
   156 00000165 68 003C0000                     	PUSH	3932160
   157 0000016A E8 [00000000]                   	CALL	_shtctl_init
   158 0000016F 89 C3                           	MOV	EBX,EAX
   159 00000171 50                              	PUSH	EAX
   160 00000172 E8 [00000000]                   	CALL	_sheet_alloc
   161 00000177 83 C4 20                        	ADD	ESP,32
   162 0000017A 53                              	PUSH	EBX
   163 0000017B 89 85 FFFFFC4C                  	MOV	DWORD [-948+EBP],EAX
   164 00000181 E8 [00000000]                   	CALL	_sheet_alloc
   165 00000186 53                              	PUSH	EBX
   166 00000187 8D 9D FFFFFC94                  	LEA	EBX,DWORD [-876+EBP]
   167 0000018D 89 85 FFFFFC48                  	MOV	DWORD [-952+EBP],EAX
   168 00000193 E8 [00000000]                   	CALL	_sheet_alloc
   169 00000198 0F BF 15 00000FF6               	MOVSX	EDX,WORD [4086]
   170 0000019F 89 85 FFFFFC44                  	MOV	DWORD [-956+EBP],EAX
   171 000001A5 0F BF 05 00000FF4               	MOVSX	EAX,WORD [4084]
   172 000001AC 0F AF C2                        	IMUL	EAX,EDX
   173 000001AF 50                              	PUSH	EAX
   174 000001B0 68 003C0000                     	PUSH	3932160
   175 000001B5 E8 [00000000]                   	CALL	_memman_alloc_4k
   176 000001BA 68 0000FA00                     	PUSH	64000
   177 000001BF 68 003C0000                     	PUSH	3932160
   178 000001C4 89 85 FFFFFC40                  	MOV	DWORD [-960+EBP],EAX
   179 000001CA E8 [00000000]                   	CALL	_memman_alloc_4k
   180 000001CF 6A FF                           	PUSH	-1
   181 000001D1 89 85 FFFFFC3C                  	MOV	DWORD [-964+EBP],EAX
   182 000001D7 0F BF 05 00000FF6               	MOVSX	EAX,WORD [4086]
   183 000001DE 50                              	PUSH	EAX
   184 000001DF 0F BF 05 00000FF4               	MOVSX	EAX,WORD [4084]
   185 000001E6 50                              	PUSH	EAX
   186 000001E7 FF B5 FFFFFC40                  	PUSH	DWORD [-960+EBP]
   187 000001ED FF B5 FFFFFC4C                  	PUSH	DWORD [-948+EBP]
   188 000001F3 E8 [00000000]                   	CALL	_sheet_setbuf
   189 000001F8 83 C4 2C                        	ADD	ESP,44
   190 000001FB 6A 63                           	PUSH	99
   191 000001FD 6A 10                           	PUSH	16
   192 000001FF 6A 10                           	PUSH	16
   193 00000201 53                              	PUSH	EBX
   194 00000202 FF B5 FFFFFC48                  	PUSH	DWORD [-952+EBP]
   195 00000208 E8 [00000000]                   	CALL	_sheet_setbuf
   196 0000020D 6A FF                           	PUSH	-1
   197 0000020F 68 000000C8                     	PUSH	200
   198 00000214 68 00000140                     	PUSH	320
   199 00000219 FF B5 FFFFFC3C                  	PUSH	DWORD [-964+EBP]
   200 0000021F FF B5 FFFFFC44                  	PUSH	DWORD [-956+EBP]
   201 00000225 E8 [00000000]                   	CALL	_sheet_setbuf
   202 0000022A 83 C4 28                        	ADD	ESP,40
   203 0000022D 0F BF 05 00000FF6               	MOVSX	EAX,WORD [4086]
   204 00000234 50                              	PUSH	EAX
   205 00000235 0F BF 05 00000FF4               	MOVSX	EAX,WORD [4084]
   206 0000023C 50                              	PUSH	EAX
   207 0000023D FF B5 FFFFFC40                  	PUSH	DWORD [-960+EBP]
   208 00000243 E8 [00000000]                   	CALL	_init_screen8
   209 00000248 6A 63                           	PUSH	99
   210 0000024A 53                              	PUSH	EBX
   211 0000024B BB 00000002                     	MOV	EBX,2
   212 00000250 E8 [00000000]                   	CALL	_init_mouse_cursor8
   213 00000255 0F BF 05 00000FF4               	MOVSX	EAX,WORD [4084]
   214 0000025C 8D 48 F0                        	LEA	ECX,DWORD [-16+EAX]
   215 0000025F 89 C8                           	MOV	EAX,ECX
   216 00000261 99                              	CDQ
   217 00000262 F7 FB                           	IDIV	EBX
   218 00000264 89 85 FFFFFC5C                  	MOV	DWORD [-932+EBP],EAX
   219 0000026A 0F BF 05 00000FF6               	MOVSX	EAX,WORD [4086]
   220 00000271 68 [00000000]                   	PUSH	LC0
   221 00000276 8D 48 D4                        	LEA	ECX,DWORD [-44+EAX]
   222 00000279 68 000000C8                     	PUSH	200
   223 0000027E 89 C8                           	MOV	EAX,ECX
   224 00000280 68 00000140                     	PUSH	320
   225 00000285 99                              	CDQ
   226 00000286 F7 FB                           	IDIV	EBX
   227 00000288 FF B5 FFFFFC3C                  	PUSH	DWORD [-964+EBP]
   228 0000028E 89 85 FFFFFC58                  	MOV	DWORD [-936+EBP],EAX
   229 00000294 8D 5D A4                        	LEA	EBX,DWORD [-92+EBP]
   230 00000297 E8 00000702                     	CALL	_make_window8
   231 0000029C 83 C4 24                        	ADD	ESP,36
   232 0000029F FF B5 FFFFFC58                  	PUSH	DWORD [-936+EBP]
   233 000002A5 FF B5 FFFFFC5C                  	PUSH	DWORD [-932+EBP]
   234 000002AB FF B5 FFFFFC48                  	PUSH	DWORD [-952+EBP]
   235 000002B1 E8 [00000000]                   	CALL	_sheet_slide
   236 000002B6 6A 00                           	PUSH	0
   237 000002B8 6A 00                           	PUSH	0
   238 000002BA FF B5 FFFFFC4C                  	PUSH	DWORD [-948+EBP]
   239 000002C0 E8 [00000000]                   	CALL	_sheet_slide
   240 000002C5 6A 00                           	PUSH	0
   241 000002C7 6A 00                           	PUSH	0
   242 000002C9 FF B5 FFFFFC44                  	PUSH	DWORD [-956+EBP]
   243 000002CF E8 [00000000]                   	CALL	_sheet_slide
   244 000002D4 83 C4 24                        	ADD	ESP,36
   245 000002D7 6A 01                           	PUSH	1
   246 000002D9 FF B5 FFFFFC4C                  	PUSH	DWORD [-948+EBP]
   247 000002DF E8 [00000000]                   	CALL	_sheet_updown
   248 000002E4 6A 00                           	PUSH	0
   249 000002E6 FF B5 FFFFFC44                  	PUSH	DWORD [-956+EBP]
   250 000002EC E8 [00000000]                   	CALL	_sheet_updown
   251 000002F1 6A 03                           	PUSH	3
   252 000002F3 FF B5 FFFFFC48                  	PUSH	DWORD [-952+EBP]
   253 000002F9 E8 [00000000]                   	CALL	_sheet_updown
   254 000002FE 6A 0A                           	PUSH	10
   255 00000300 53                              	PUSH	EBX
   256 00000301 6A 0E                           	PUSH	14
   257 00000303 6A 07                           	PUSH	7
   258 00000305 6A 00                           	PUSH	0
   259 00000307 6A 00                           	PUSH	0
   260 00000309 FF B5 FFFFFC4C                  	PUSH	DWORD [-948+EBP]
   261 0000030F E8 000007CE                     	CALL	_putfonts8_asc_sht
   262 00000314 83 C4 34                        	ADD	ESP,52
   263 00000317 68 003C0000                     	PUSH	3932160
   264 0000031C E8 [00000000]                   	CALL	_memman_total
   265 00000321 C1 E8 0A                        	SHR	EAX,10
   266 00000324 89 04 24                        	MOV	DWORD [ESP],EAX
   267 00000327 56                              	PUSH	ESI
   268 00000328 68 [00000008]                   	PUSH	LC1
   269 0000032D 53                              	PUSH	EBX
   270 0000032E E8 [00000000]                   	CALL	_sprintf
   271 00000333 6A 28                           	PUSH	40
   272 00000335 53                              	PUSH	EBX
   273 00000336 6A 0E                           	PUSH	14
   274 00000338 6A 07                           	PUSH	7
   275 0000033A 6A 20                           	PUSH	32
   276 0000033C 6A 00                           	PUSH	0
   277 0000033E FF B5 FFFFFC4C                  	PUSH	DWORD [-948+EBP]
   278 00000344 E8 00000799                     	CALL	_putfonts8_asc_sht
   279 00000349 83 C4 2C                        	ADD	ESP,44
   280 0000034C 6A 2B                           	PUSH	43
   281 0000034E 68 0000012F                     	PUSH	303
   282 00000353 6A 1A                           	PUSH	26
   283 00000355 68 00000101                     	PUSH	257
   284 0000035A 6A 03                           	PUSH	3
   285 0000035C 0F BF 05 00000FF4               	MOVSX	EAX,WORD [4084]
   286 00000363 50                              	PUSH	EAX
   287 00000364 FF B5 FFFFFC3C                  	PUSH	DWORD [-964+EBP]
   288 0000036A E8 [00000000]                   	CALL	_boxfill8
   289 0000036F 68 [00000022]                   	PUSH	LC2
   290 00000374 6A 00                           	PUSH	0
   291 00000376 6A 1C                           	PUSH	28
   292 00000378 68 00000104                     	PUSH	260
   293 0000037D 0F BF 05 00000FF4               	MOVSX	EAX,WORD [4084]
   294 00000384 50                              	PUSH	EAX
   295 00000385 FF B5 FFFFFC3C                  	PUSH	DWORD [-964+EBP]
   296 0000038B E8 [00000000]                   	CALL	_putfonts8_asc
   297 00000390 83 C4 34                        	ADD	ESP,52
   298 00000393 6A 41                           	PUSH	65
   299 00000395 68 0000012F                     	PUSH	303
   300 0000039A 6A 30                           	PUSH	48
   301 0000039C 68 00000101                     	PUSH	257
   302 000003A1 6A 03                           	PUSH	3
   303 000003A3 0F BF 05 00000FF4               	MOVSX	EAX,WORD [4084]
   304 000003AA 50                              	PUSH	EAX
   305 000003AB FF B5 FFFFFC3C                  	PUSH	DWORD [-964+EBP]
   306 000003B1 E8 [00000000]                   	CALL	_boxfill8
   307 000003B6 68 [00000028]                   	PUSH	LC3
   308 000003BB 6A 00                           	PUSH	0
   309 000003BD 6A 32                           	PUSH	50
   310 000003BF 68 00000104                     	PUSH	260
   311 000003C4 0F BF 05 00000FF4               	MOVSX	EAX,WORD [4084]
   312 000003CB 50                              	PUSH	EAX
   313 000003CC FF B5 FFFFFC3C                  	PUSH	DWORD [-964+EBP]
   314 000003D2 E8 [00000000]                   	CALL	_putfonts8_asc
   315 000003D7 83 C4 34                        	ADD	ESP,52
   316 000003DA 6A 02                           	PUSH	2
   317 000003DC FF B5 FFFFFC44                  	PUSH	DWORD [-956+EBP]
   318 000003E2 E8 [00000000]                   	CALL	_sheet_updown
   319 000003E7 6A 02                           	PUSH	2
   320 000003E9 FF B5 FFFFFC48                  	PUSH	DWORD [-952+EBP]
   321 000003EF E8 [00000000]                   	CALL	_sheet_updown
   322 000003F4 83 C4 10                        	ADD	ESP,16
   323 000003F7                                 L2:
   324 000003F7 FF 85 FFFFFC50                  	INC	DWORD [-944+EBP]
   325 000003FD 83 BD FFFFFC38 01               	CMP	DWORD [-968+EBP],1
   326 00000404 0F 84 00000583                  	JE	L37
   327 0000040A                                 L5:
   328 0000040A FF 35 [00000000]                	PUSH	DWORD [_timerctl]
   329 00000410 68 [0000002E]                   	PUSH	LC4
   330 00000415 8D 7D A4                        	LEA	EDI,DWORD [-92+EBP]
   331 00000418 57                              	PUSH	EDI
   332 00000419 8D 75 D4                        	LEA	ESI,DWORD [-44+EBP]
   333 0000041C E8 [00000000]                   	CALL	_sprintf
   334 00000421 6A 2B                           	PUSH	43
   335 00000423 6A 77                           	PUSH	119
   336 00000425 6A 1C                           	PUSH	28
   337 00000427 6A 28                           	PUSH	40
   338 00000429 6A 08                           	PUSH	8
   339 0000042B 0F BF 05 00000FF4               	MOVSX	EAX,WORD [4084]
   340 00000432 50                              	PUSH	EAX
   341 00000433 FF B5 FFFFFC3C                  	PUSH	DWORD [-964+EBP]
   342 00000439 E8 [00000000]                   	CALL	_boxfill8
   343 0000043E 83 C4 28                        	ADD	ESP,40
   344 00000441 57                              	PUSH	EDI
   345 00000442 6A 00                           	PUSH	0
   346 00000444 6A 1C                           	PUSH	28
   347 00000446 6A 28                           	PUSH	40
   348 00000448 0F BF 05 00000FF4               	MOVSX	EAX,WORD [4084]
   349 0000044F 50                              	PUSH	EAX
   350 00000450 FF B5 FFFFFC3C                  	PUSH	DWORD [-964+EBP]
   351 00000456 E8 [00000000]                   	CALL	_putfonts8_asc
   352 0000045B 6A 0F                           	PUSH	15
   353 0000045D 57                              	PUSH	EDI
   354 0000045E 6A 0E                           	PUSH	14
   355 00000460 6A 07                           	PUSH	7
   356 00000462 6A 10                           	PUSH	16
   357 00000464 6A 20                           	PUSH	32
   358 00000466 FF B5 FFFFFC4C                  	PUSH	DWORD [-948+EBP]
   359 0000046C E8 00000671                     	CALL	_putfonts8_asc_sht
   360 00000471 83 C4 34                        	ADD	ESP,52
   361 00000474 6A 2C                           	PUSH	44
   362 00000476 6A 78                           	PUSH	120
   363 00000478 6A 1C                           	PUSH	28
   364 0000047A 6A 28                           	PUSH	40
   365 0000047C FF B5 FFFFFC44                  	PUSH	DWORD [-956+EBP]
   366 00000482 E8 [00000000]                   	CALL	_sheet_refresh
   367 00000487 E8 [00000000]                   	CALL	_io_cli
   368 0000048C 56                              	PUSH	ESI
   369 0000048D E8 [00000000]                   	CALL	_fifo32_status
   370 00000492 83 C4 18                        	ADD	ESP,24
   371 00000495 85 C0                           	TEST	EAX,EAX
   372 00000497 0F 84 000004E6                  	JE	L38
   373 0000049D 56                              	PUSH	ESI
   374 0000049E E8 [00000000]                   	CALL	_fifo32_get
   375 000004A3 89 C3                           	MOV	EBX,EAX
   376 000004A5 E8 [00000000]                   	CALL	_io_sti
   377 000004AA 5A                              	POP	EDX
   378 000004AB 8D 83 FFFFFF00                  	LEA	EAX,DWORD [-256+EBX]
   379 000004B1 3D 000000FF                     	CMP	EAX,255
   380 000004B6 0F 86 000004A0                  	JBE	L39
   381 000004BC 8D 83 FFFFFE00                  	LEA	EAX,DWORD [-512+EBX]
   382 000004C2 3D 000000FF                     	CMP	EAX,255
   383 000004C7 0F 86 00000101                  	JBE	L40
   384 000004CD 83 FB 0A                        	CMP	EBX,10
   385 000004D0 0F 84 000000C5                  	JE	L41
   386 000004D6 83 FB 03                        	CMP	EBX,3
   387 000004D9 0F 84 00000096                  	JE	L42
   388 000004DF 83 FB 01                        	CMP	EBX,1
   389 000004E2 74 64                           	JE	L43
   390 000004E4 85 DB                           	TEST	EBX,EBX
   391 000004E6 0F 85 FFFFFF0B                  	JNE	L2
   392 000004EC 6A 01                           	PUSH	1
   393 000004EE 56                              	PUSH	ESI
   394 000004EF FF B5 FFFFFC60                  	PUSH	DWORD [-928+EBP]
   395 000004F5 E8 [00000000]                   	CALL	_timer_init
   396 000004FA 6A 6F                           	PUSH	111
   397 000004FC 6A 0F                           	PUSH	15
   398 000004FE 6A 60                           	PUSH	96
   399 00000500 6A 08                           	PUSH	8
   400 00000502 6A 0E                           	PUSH	14
   401 00000504 0F BF 05 00000FF4               	MOVSX	EAX,WORD [4084]
   402 0000050B 50                              	PUSH	EAX
   403 0000050C FF B5 FFFFFC40                  	PUSH	DWORD [-960+EBP]
   404 00000512 E8 [00000000]                   	CALL	_boxfill8
   405 00000517 FF 85 FFFFFC54                  	INC	DWORD [-940+EBP]
   406 0000051D                                 L33:
   407 0000051D 83 C4 28                        	ADD	ESP,40
   408 00000520 6A 32                           	PUSH	50
   409 00000522 FF B5 FFFFFC60                  	PUSH	DWORD [-928+EBP]
   410 00000528 E8 [00000000]                   	CALL	_timer_settime
   411 0000052D 6A 70                           	PUSH	112
   412 0000052F 6A 10                           	PUSH	16
   413 00000531 6A 60                           	PUSH	96
   414 00000533 6A 08                           	PUSH	8
   415 00000535 FF B5 FFFFFC4C                  	PUSH	DWORD [-948+EBP]
   416 0000053B E8 [00000000]                   	CALL	_sheet_refresh
   417 00000540                                 L34:
   418 00000540 83 C4 1C                        	ADD	ESP,28
   419 00000543 E9 FFFFFEAF                     	JMP	L2
   420 00000548                                 L43:
   421 00000548 6A 00                           	PUSH	0
   422 0000054A 56                              	PUSH	ESI
   423 0000054B FF B5 FFFFFC60                  	PUSH	DWORD [-928+EBP]
   424 00000551 E8 [00000000]                   	CALL	_timer_init
   425 00000556 6A 6F                           	PUSH	111
   426 00000558 6A 0F                           	PUSH	15
   427 0000055A 6A 60                           	PUSH	96
   428 0000055C 6A 08                           	PUSH	8
   429 0000055E 6A 07                           	PUSH	7
   430 00000560 0F BF 05 00000FF4               	MOVSX	EAX,WORD [4084]
   431 00000567 50                              	PUSH	EAX
   432 00000568 FF B5 FFFFFC40                  	PUSH	DWORD [-960+EBP]
   433 0000056E E8 [00000000]                   	CALL	_boxfill8
   434 00000573 EB A8                           	JMP	L33
   435 00000575                                 L42:
   436 00000575 6A 06                           	PUSH	6
   437 00000577 68 [00000034]                   	PUSH	LC11
   438 0000057C 6A 0E                           	PUSH	14
   439 0000057E 6A 07                           	PUSH	7
   440 00000580 6A 50                           	PUSH	80
   441 00000582 6A 00                           	PUSH	0
   442 00000584 FF B5 FFFFFC4C                  	PUSH	DWORD [-948+EBP]
   443 0000058A E8 00000553                     	CALL	_putfonts8_asc_sht
   444 0000058F C7 85 FFFFFC50 00000000         	MOV	DWORD [-944+EBP],0
   445 00000599 EB A5                           	JMP	L34
   446 0000059B                                 L41:
   447 0000059B 6A 07                           	PUSH	7
   448 0000059D 68 [0000003B]                   	PUSH	LC10
   449 000005A2 6A 0E                           	PUSH	14
   450 000005A4 6A 07                           	PUSH	7
   451 000005A6 6A 40                           	PUSH	64
   452 000005A8 6A 00                           	PUSH	0
   453 000005AA FF B5 FFFFFC4C                  	PUSH	DWORD [-948+EBP]
   454 000005B0 E8 0000052D                     	CALL	_putfonts8_asc_sht
   455 000005B5 FF B5 FFFFFC50                  	PUSH	DWORD [-944+EBP]
   456 000005BB 68 [0000002E]                   	PUSH	LC4
   457 000005C0 57                              	PUSH	EDI
   458 000005C1 E8 [00000000]                   	CALL	_sprintf
   459 000005C6                                 L35:
   460 000005C6 83 C4 28                        	ADD	ESP,40
   461 000005C9 E9 FFFFFE29                     	JMP	L2
   462 000005CE                                 L40:
   463 000005CE 0F B6 C3                        	MOVZX	EAX,BL
   464 000005D1 50                              	PUSH	EAX
   465 000005D2 8D 85 FFFFFD94                  	LEA	EAX,DWORD [-620+EBP]
   466 000005D8 50                              	PUSH	EAX
   467 000005D9 E8 [00000000]                   	CALL	_mouse_decode
   468 000005DE 59                              	POP	ECX
   469 000005DF 5B                              	POP	EBX
   470 000005E0 85 C0                           	TEST	EAX,EAX
   471 000005E2 0F 84 FFFFFE0F                  	JE	L2
   472 000005E8 FF B5 FFFFFD9C                  	PUSH	DWORD [-612+EBP]
   473 000005EE FF B5 FFFFFD98                  	PUSH	DWORD [-616+EBP]
   474 000005F4 68 [00000043]                   	PUSH	LC6
   475 000005F9 57                              	PUSH	EDI
   476 000005FA E8 [00000000]                   	CALL	_sprintf
   477 000005FF 83 C4 10                        	ADD	ESP,16
   478 00000602 F7 85 FFFFFDA0 00000001         	TEST	DWORD [-608+EBP],1
   479 0000060C 74 38                           	JE	L12
   480 0000060E C6 45 A5 4C                     	MOV	BYTE [-91+EBP],76
   481 00000612 83 BD FFFFFC30 01               	CMP	DWORD [-976+EBP],1
   482 00000619 0F 84 00000193                  	JE	L44
   483 0000061F 6A 02                           	PUSH	2
   484 00000621 FF B5 FFFFFC44                  	PUSH	DWORD [-956+EBP]
   485 00000627 C7 85 FFFFFC30 00000001         	MOV	DWORD [-976+EBP],1
   486 00000631 E8 [00000000]                   	CALL	_sheet_updown
   487 00000636 6A 02                           	PUSH	2
   488 00000638 FF B5 FFFFFC48                  	PUSH	DWORD [-952+EBP]
   489 0000063E E8 [00000000]                   	CALL	_sheet_updown
   490 00000643 83 C4 10                        	ADD	ESP,16
   491 00000646                                 L12:
   492 00000646 8B 85 FFFFFDA0                  	MOV	EAX,DWORD [-608+EBP]
   493 0000064C A9 00000002                     	TEST	EAX,2
   494 00000651 74 04                           	JE	L19
   495 00000653 C6 45 A7 52                     	MOV	BYTE [-89+EBP],82
   496 00000657                                 L19:
   497 00000657 83 E0 04                        	AND	EAX,4
   498 0000065A 74 04                           	JE	L20
   499 0000065C C6 45 A6 43                     	MOV	BYTE [-90+EBP],67
   500 00000660                                 L20:
   501 00000660 FF 35 [00000000]                	PUSH	DWORD [_timerctl]
   502 00000666 68 [0000002E]                   	PUSH	LC4
   503 0000066B 8D 5D A4                        	LEA	EBX,DWORD [-92+EBP]
   504 0000066E 53                              	PUSH	EBX
   505 0000066F E8 [00000000]                   	CALL	_sprintf
   506 00000674 6A 2B                           	PUSH	43
   507 00000676 6A 77                           	PUSH	119
   508 00000678 6A 1C                           	PUSH	28
   509 0000067A 6A 28                           	PUSH	40
   510 0000067C 6A 08                           	PUSH	8
   511 0000067E 0F BF 05 00000FF4               	MOVSX	EAX,WORD [4084]
   512 00000685 50                              	PUSH	EAX
   513 00000686 FF B5 FFFFFC3C                  	PUSH	DWORD [-964+EBP]
   514 0000068C E8 [00000000]                   	CALL	_boxfill8
   515 00000691 83 C4 28                        	ADD	ESP,40
   516 00000694 53                              	PUSH	EBX
   517 00000695 6A 00                           	PUSH	0
   518 00000697 6A 1C                           	PUSH	28
   519 00000699 6A 28                           	PUSH	40
   520 0000069B 0F BF 05 00000FF4               	MOVSX	EAX,WORD [4084]
   521 000006A2 50                              	PUSH	EAX
   522 000006A3 FF B5 FFFFFC3C                  	PUSH	DWORD [-964+EBP]
   523 000006A9 E8 [00000000]                   	CALL	_putfonts8_asc
   524 000006AE 6A 2C                           	PUSH	44
   525 000006B0 6A 78                           	PUSH	120
   526 000006B2 6A 1C                           	PUSH	28
   527 000006B4 6A 28                           	PUSH	40
   528 000006B6 FF B5 FFFFFC44                  	PUSH	DWORD [-956+EBP]
   529 000006BC E8 [00000000]                   	CALL	_sheet_refresh
   530 000006C1 83 C4 2C                        	ADD	ESP,44
   531 000006C4 6A 0A                           	PUSH	10
   532 000006C6 53                              	PUSH	EBX
   533 000006C7 6A 0E                           	PUSH	14
   534 000006C9 6A 07                           	PUSH	7
   535 000006CB 6A 00                           	PUSH	0
   536 000006CD 6A 00                           	PUSH	0
   537 000006CF FF B5 FFFFFC4C                  	PUSH	DWORD [-948+EBP]
   538 000006D5 E8 00000408                     	CALL	_putfonts8_asc_sht
   539 000006DA 8B 85 FFFFFD98                  	MOV	EAX,DWORD [-616+EBP]
   540 000006E0 8B 95 FFFFFD9C                  	MOV	EDX,DWORD [-612+EBP]
   541 000006E6 83 C4 1C                        	ADD	ESP,28
   542 000006E9 01 95 FFFFFC58                  	ADD	DWORD [-936+EBP],EDX
   543 000006EF 01 85 FFFFFC5C                  	ADD	DWORD [-932+EBP],EAX
   544 000006F5 0F 88 000000A8                  	JS	L45
   545 000006FB                                 L21:
   546 000006FB 83 BD FFFFFC58 00               	CMP	DWORD [-936+EBP],0
   547 00000702 0F 88 0000008C                  	JS	L46
   548 00000708                                 L22:
   549 00000708 0F BF 05 00000FF4               	MOVSX	EAX,WORD [4084]
   550 0000070F 48                              	DEC	EAX
   551 00000710 39 85 FFFFFC5C                  	CMP	DWORD [-932+EBP],EAX
   552 00000716 7E 06                           	JLE	L23
   553 00000718 89 85 FFFFFC5C                  	MOV	DWORD [-932+EBP],EAX
   554 0000071E                                 L23:
   555 0000071E 0F BF 05 00000FF6               	MOVSX	EAX,WORD [4086]
   556 00000725 48                              	DEC	EAX
   557 00000726 39 85 FFFFFC58                  	CMP	DWORD [-936+EBP],EAX
   558 0000072C 7E 06                           	JLE	L24
   559 0000072E 89 85 FFFFFC58                  	MOV	DWORD [-936+EBP],EAX
   560 00000734                                 L24:
   561 00000734 FF B5 FFFFFC58                  	PUSH	DWORD [-936+EBP]
   562 0000073A FF B5 FFFFFC5C                  	PUSH	DWORD [-932+EBP]
   563 00000740 68 [00000051]                   	PUSH	LC8
   564 00000745 53                              	PUSH	EBX
   565 00000746 E8 [00000000]                   	CALL	_sprintf
   566 0000074B 6A 0A                           	PUSH	10
   567 0000074D 53                              	PUSH	EBX
   568 0000074E 6A 0E                           	PUSH	14
   569 00000750 6A 07                           	PUSH	7
   570 00000752 6A 00                           	PUSH	0
   571 00000754 6A 00                           	PUSH	0
   572 00000756 FF B5 FFFFFC4C                  	PUSH	DWORD [-948+EBP]
   573 0000075C E8 00000381                     	CALL	_putfonts8_asc_sht
   574 00000761 83 C4 2C                        	ADD	ESP,44
   575 00000764 FF B5 FFFFFC58                  	PUSH	DWORD [-936+EBP]
   576 0000076A FF B5 FFFFFC5C                  	PUSH	DWORD [-932+EBP]
   577 00000770 FF B5 FFFFFC48                  	PUSH	DWORD [-952+EBP]
   578 00000776 E8 [00000000]                   	CALL	_sheet_slide
   579 0000077B FF B5 FFFFFC54                  	PUSH	DWORD [-940+EBP]
   580 00000781 68 [0000005C]                   	PUSH	LC9
   581 00000786 53                              	PUSH	EBX
   582 00000787 E8 [00000000]                   	CALL	_sprintf
   583 0000078C 83 C4 18                        	ADD	ESP,24
   584 0000078F E9 FFFFFC63                     	JMP	L2
   585 00000794                                 L46:
   586 00000794 C7 85 FFFFFC58 00000000         	MOV	DWORD [-936+EBP],0
   587 0000079E E9 FFFFFF65                     	JMP	L22
   588 000007A3                                 L45:
   589 000007A3 C7 85 FFFFFC5C 00000000         	MOV	DWORD [-932+EBP],0
   590 000007AD E9 FFFFFF49                     	JMP	L21
   591 000007B2                                 L44:
   592 000007B2 8B 85 FFFFFC5C                  	MOV	EAX,DWORD [-932+EBP]
   593 000007B8 2D 00000102                     	SUB	EAX,258
   594 000007BD 83 F8 2C                        	CMP	EAX,44
   595 000007C0 77 26                           	JA	L14
   596 000007C2 83 BD FFFFFC58 1C               	CMP	DWORD [-936+EBP],28
   597 000007C9 7E 1D                           	JLE	L14
   598 000007CB 83 BD FFFFFC58 2A               	CMP	DWORD [-936+EBP],42
   599 000007D2 7F 14                           	JG	L14
   600 000007D4 C7 05 [00000000] 00000000       	MOV	DWORD [_timerctl],0
   601 000007DE C7 85 FFFFFC34 00000000         	MOV	DWORD [-972+EBP],0
   602 000007E8                                 L14:
   603 000007E8 8B 85 FFFFFC5C                  	MOV	EAX,DWORD [-932+EBP]
   604 000007EE 2D 00000102                     	SUB	EAX,258
   605 000007F3 83 F8 2C                        	CMP	EAX,44
   606 000007F6 0F 87 FFFFFE4A                  	JA	L12
   607 000007FC 83 BD FFFFFC58 30               	CMP	DWORD [-936+EBP],48
   608 00000803 0F 8E FFFFFE3D                  	JLE	L12
   609 00000809 83 BD FFFFFC58 40               	CMP	DWORD [-936+EBP],64
   610 00000810 0F 8F FFFFFE30                  	JG	L12
   611 00000816 83 BD FFFFFC38 01               	CMP	DWORD [-968+EBP],1
   612 0000081D 0F 84 000000A3                  	JE	L47
   613 00000823 6A 41                           	PUSH	65
   614 00000825 A1 [00000000]                   	MOV	EAX,DWORD [_timerctl]
   615 0000082A 68 0000013B                     	PUSH	315
   616 0000082F 89 85 FFFFFC34                  	MOV	DWORD [-972+EBP],EAX
   617 00000835 6A 30                           	PUSH	48
   618 00000837 68 000000F0                     	PUSH	240
   619 0000083C 6A 08                           	PUSH	8
   620 0000083E 0F BF 05 00000FF4               	MOVSX	EAX,WORD [4084]
   621 00000845 50                              	PUSH	EAX
   622 00000846 FF B5 FFFFFC3C                  	PUSH	DWORD [-964+EBP]
   623 0000084C C7 85 FFFFFC38 00000001         	MOV	DWORD [-968+EBP],1
   624 00000856 E8 [00000000]                   	CALL	_boxfill8
   625 0000085B 6A 41                           	PUSH	65
   626 0000085D 68 00000139                     	PUSH	313
   627 00000862 6A 30                           	PUSH	48
   628 00000864 68 000000F7                     	PUSH	247
   629 00000869 6A 03                           	PUSH	3
   630 0000086B 0F BF 05 00000FF4               	MOVSX	EAX,WORD [4084]
   631 00000872 50                              	PUSH	EAX
   632 00000873 FF B5 FFFFFC3C                  	PUSH	DWORD [-964+EBP]
   633 00000879 E8 [00000000]                   	CALL	_boxfill8
   634 0000087E 83 C4 38                        	ADD	ESP,56
   635 00000881 68 [00000061]                   	PUSH	LC7
   636 00000886 6A 00                           	PUSH	0
   637 00000888 6A 32                           	PUSH	50
   638 0000088A 68 000000FA                     	PUSH	250
   639 0000088F 0F BF 05 00000FF4               	MOVSX	EAX,WORD [4084]
   640 00000896 50                              	PUSH	EAX
   641 00000897 FF B5 FFFFFC3C                  	PUSH	DWORD [-964+EBP]
   642 0000089D E8 [00000000]                   	CALL	_putfonts8_asc
   643 000008A2 6A 02                           	PUSH	2
   644 000008A4 FF B5 FFFFFC44                  	PUSH	DWORD [-956+EBP]
   645 000008AA E8 [00000000]                   	CALL	_sheet_updown
   646 000008AF 83 C4 20                        	ADD	ESP,32
   647 000008B2 6A 02                           	PUSH	2
   648 000008B4 FF B5 FFFFFC48                  	PUSH	DWORD [-952+EBP]
   649 000008BA E8 [00000000]                   	CALL	_sheet_updown
   650 000008BF                                 L36:
   651 000008BF 58                              	POP	EAX
   652 000008C0 5A                              	POP	EDX
   653 000008C1 E9 FFFFFD80                     	JMP	L12
   654 000008C6                                 L47:
   655 000008C6 6A 41                           	PUSH	65
   656 000008C8 68 0000013B                     	PUSH	315
   657 000008CD 6A 30                           	PUSH	48
   658 000008CF 68 000000F0                     	PUSH	240
   659 000008D4 6A 08                           	PUSH	8
   660 000008D6 0F BF 05 00000FF4               	MOVSX	EAX,WORD [4084]
   661 000008DD 50                              	PUSH	EAX
   662 000008DE FF B5 FFFFFC3C                  	PUSH	DWORD [-964+EBP]
   663 000008E4 E8 [00000000]                   	CALL	_boxfill8
   664 000008E9 6A 41                           	PUSH	65
   665 000008EB 68 0000012F                     	PUSH	303
   666 000008F0 6A 30                           	PUSH	48
   667 000008F2 68 00000101                     	PUSH	257
   668 000008F7 6A 03                           	PUSH	3
   669 000008F9 0F BF 05 00000FF4               	MOVSX	EAX,WORD [4084]
   670 00000900 50                              	PUSH	EAX
   671 00000901 FF B5 FFFFFC3C                  	PUSH	DWORD [-964+EBP]
   672 00000907 E8 [00000000]                   	CALL	_boxfill8
   673 0000090C 83 C4 38                        	ADD	ESP,56
   674 0000090F 68 [00000028]                   	PUSH	LC3
   675 00000914 6A 00                           	PUSH	0
   676 00000916 6A 32                           	PUSH	50
   677 00000918 68 00000104                     	PUSH	260
   678 0000091D 0F BF 05 00000FF4               	MOVSX	EAX,WORD [4084]
   679 00000924 50                              	PUSH	EAX
   680 00000925 FF B5 FFFFFC3C                  	PUSH	DWORD [-964+EBP]
   681 0000092B E8 [00000000]                   	CALL	_putfonts8_asc
   682 00000930 6A 02                           	PUSH	2
   683 00000932 FF B5 FFFFFC44                  	PUSH	DWORD [-956+EBP]
   684 00000938 E8 [00000000]                   	CALL	_sheet_updown
   685 0000093D 83 C4 20                        	ADD	ESP,32
   686 00000940 6A 02                           	PUSH	2
   687 00000942 FF B5 FFFFFC48                  	PUSH	DWORD [-952+EBP]
   688 00000948 E8 [00000000]                   	CALL	_sheet_updown
   689 0000094D C7 85 FFFFFC38 00000000         	MOV	DWORD [-968+EBP],0
   690 00000957 E9 FFFFFF63                     	JMP	L36
   691 0000095C                                 L39:
   692 0000095C 50                              	PUSH	EAX
   693 0000095D 68 [0000006A]                   	PUSH	LC5
   694 00000962 57                              	PUSH	EDI
   695 00000963 E8 [00000000]                   	CALL	_sprintf
   696 00000968 6A 02                           	PUSH	2
   697 0000096A 57                              	PUSH	EDI
   698 0000096B 6A 0E                           	PUSH	14
   699 0000096D 6A 07                           	PUSH	7
   700 0000096F 6A 10                           	PUSH	16
   701 00000971 6A 00                           	PUSH	0
   702 00000973 FF B5 FFFFFC4C                  	PUSH	DWORD [-948+EBP]
   703 00000979 E8 00000164                     	CALL	_putfonts8_asc_sht
   704 0000097E E9 FFFFFC43                     	JMP	L35
   705 00000983                                 L38:
   706 00000983 E8 [00000000]                   	CALL	_io_sti
   707 00000988 E9 FFFFFA6A                     	JMP	L2
   708 0000098D                                 L37:
   709 0000098D 8B 9D FFFFFC34                  	MOV	EBX,DWORD [-972+EBP]
   710 00000993 89 1D [00000000]                	MOV	DWORD [_timerctl],EBX
   711 00000999 E9 FFFFFA6C                     	JMP	L5
   712                                          [SECTION .data]
   713 0000006F                                 _closebtn.0:
   714 0000006F 4F 4F 4F 4F 4F 4F 4F 4F 4F 4F   	DB	"OOOOOOOOOOOOOOO@"
       00000079 4F 4F 4F 4F 4F 40 
   715 0000007F 4F 51 51 51 51 51 51 51 51 51   	DB	"OQQQQQQQQQQQQQ$@"
       00000089 51 51 51 51 24 40 
   716 0000008F 4F 51 51 51 51 51 51 51 51 51   	DB	"OQQQQQQQQQQQQQ$@"
       00000099 51 51 51 51 24 40 
   717 0000009F 4F 51 51 51 51 51 51 51 51 51   	DB	"OQQQQQQQQQQQQQ$@"
       000000A9 51 51 51 51 24 40 
   718 000000AF 4F 51 51 51 51 51 51 51 51 51   	DB	"OQQQQQQQQQQQQQ$@"
       000000B9 51 51 51 51 24 40 
   719 000000BF 4F 51 51 51 51 51 51 51 51 51   	DB	"OQQQQQQQQQQQQQ$@"
       000000C9 51 51 51 51 24 40 
   720 000000CF 4F 51 51 40 40 40 40 40 40 40   	DB	"OQQ@@@@@@@@@QQ$@"
       000000D9 40 40 51 51 24 40 
   721 000000DF 30 51 51 40 40 40 40 40 40 40   	DB	"0QQ@@@@@@@@@QQ$@"
       000000E9 40 40 51 51 24 40 
   722 000000EF 30 51 51 51 51 51 51 51 51 51   	DB	"0QQQQQQQQQQQQQ$@"
       000000F9 51 51 51 51 24 40 
   723 000000FF 4F 51 51 51 51 51 51 51 51 51   	DB	"OQQQQQQQQQQQQQ$@"
       00000109 51 51 51 51 24 40 
   724 0000010F 4F 51 51 51 51 51 51 51 51 51   	DB	"OQQQQQQQQQQQQQ$@"
       00000119 51 51 51 51 24 40 
   725 0000011F 4F 51 51 51 51 51 51 51 51 51   	DB	"OQQQQQQQQQQQQQ$@"
       00000129 51 51 51 51 24 40 
   726 0000012F 4F 24 24 24 24 24 24 24 24 24   	DB	"O$$$$$$$$$$$$$$@"
       00000139 24 24 24 24 24 40 
   727 0000013F 40 40 40 40 40 40 40 40 40 40   	DB	"@@@@@@@@@@@@@@@@"
       00000149 40 40 40 40 40 40 
   728                                          [SECTION .text]
   729 0000099E                                 	GLOBAL	_make_window8
   730 0000099E                                 _make_window8:
   731 0000099E 55                              	PUSH	EBP
   732 0000099F 89 E5                           	MOV	EBP,ESP
   733 000009A1 57                              	PUSH	EDI
   734 000009A2 56                              	PUSH	ESI
   735 000009A3 53                              	PUSH	EBX
   736 000009A4 83 EC 10                        	SUB	ESP,16
   737 000009A7 8B 7D 0C                        	MOV	EDI,DWORD [12+EBP]
   738 000009AA 8B 5D 10                        	MOV	EBX,DWORD [16+EBP]
   739 000009AD 6A 00                           	PUSH	0
   740 000009AF 8D 47 FF                        	LEA	EAX,DWORD [-1+EDI]
   741 000009B2 8D 77 FE                        	LEA	ESI,DWORD [-2+EDI]
   742 000009B5 50                              	PUSH	EAX
   743 000009B6 89 45 F0                        	MOV	DWORD [-16+EBP],EAX
   744 000009B9 6A 00                           	PUSH	0
   745 000009BB 6A 00                           	PUSH	0
   746 000009BD 6A 08                           	PUSH	8
   747 000009BF 57                              	PUSH	EDI
   748 000009C0 FF 75 08                        	PUSH	DWORD [8+EBP]
   749 000009C3 E8 [00000000]                   	CALL	_boxfill8
   750 000009C8 89 75 EC                        	MOV	DWORD [-20+EBP],ESI
   751 000009CB 6A 01                           	PUSH	1
   752 000009CD 56                              	PUSH	ESI
   753 000009CE 8D 73 FE                        	LEA	ESI,DWORD [-2+EBX]
   754 000009D1 6A 01                           	PUSH	1
   755 000009D3 6A 01                           	PUSH	1
   756 000009D5 6A 07                           	PUSH	7
   757 000009D7 57                              	PUSH	EDI
   758 000009D8 FF 75 08                        	PUSH	DWORD [8+EBP]
   759 000009DB E8 [00000000]                   	CALL	_boxfill8
   760 000009E0 8D 43 FF                        	LEA	EAX,DWORD [-1+EBX]
   761 000009E3 83 C4 38                        	ADD	ESP,56
   762 000009E6 89 45 E8                        	MOV	DWORD [-24+EBP],EAX
   763 000009E9 83 EB 03                        	SUB	EBX,3
   764 000009EC 50                              	PUSH	EAX
   765 000009ED 6A 00                           	PUSH	0
   766 000009EF 6A 00                           	PUSH	0
   767 000009F1 6A 00                           	PUSH	0
   768 000009F3 6A 08                           	PUSH	8
   769 000009F5 57                              	PUSH	EDI
   770 000009F6 FF 75 08                        	PUSH	DWORD [8+EBP]
   771 000009F9 E8 [00000000]                   	CALL	_boxfill8
   772 000009FE 56                              	PUSH	ESI
   773 000009FF 6A 01                           	PUSH	1
   774 00000A01 6A 01                           	PUSH	1
   775 00000A03 6A 01                           	PUSH	1
   776 00000A05 6A 07                           	PUSH	7
   777 00000A07 57                              	PUSH	EDI
   778 00000A08 FF 75 08                        	PUSH	DWORD [8+EBP]
   779 00000A0B E8 [00000000]                   	CALL	_boxfill8
   780 00000A10 83 C4 38                        	ADD	ESP,56
   781 00000A13 56                              	PUSH	ESI
   782 00000A14 FF 75 EC                        	PUSH	DWORD [-20+EBP]
   783 00000A17 6A 01                           	PUSH	1
   784 00000A19 FF 75 EC                        	PUSH	DWORD [-20+EBP]
   785 00000A1C 6A 0F                           	PUSH	15
   786 00000A1E 57                              	PUSH	EDI
   787 00000A1F FF 75 08                        	PUSH	DWORD [8+EBP]
   788 00000A22 E8 [00000000]                   	CALL	_boxfill8
   789 00000A27 FF 75 E8                        	PUSH	DWORD [-24+EBP]
   790 00000A2A FF 75 F0                        	PUSH	DWORD [-16+EBP]
   791 00000A2D 6A 00                           	PUSH	0
   792 00000A2F FF 75 F0                        	PUSH	DWORD [-16+EBP]
   793 00000A32 6A 00                           	PUSH	0
   794 00000A34 57                              	PUSH	EDI
   795 00000A35 FF 75 08                        	PUSH	DWORD [8+EBP]
   796 00000A38 E8 [00000000]                   	CALL	_boxfill8
   797 00000A3D 8D 47 FD                        	LEA	EAX,DWORD [-3+EDI]
   798 00000A40 83 C4 38                        	ADD	ESP,56
   799 00000A43 53                              	PUSH	EBX
   800 00000A44 31 DB                           	XOR	EBX,EBX
   801 00000A46 50                              	PUSH	EAX
   802 00000A47 6A 02                           	PUSH	2
   803 00000A49 6A 02                           	PUSH	2
   804 00000A4B 6A 08                           	PUSH	8
   805 00000A4D 57                              	PUSH	EDI
   806 00000A4E FF 75 08                        	PUSH	DWORD [8+EBP]
   807 00000A51 E8 [00000000]                   	CALL	_boxfill8
   808 00000A56 8D 47 FC                        	LEA	EAX,DWORD [-4+EDI]
   809 00000A59 6A 14                           	PUSH	20
   810 00000A5B 50                              	PUSH	EAX
   811 00000A5C 6A 03                           	PUSH	3
   812 00000A5E 6A 03                           	PUSH	3
   813 00000A60 6A 0C                           	PUSH	12
   814 00000A62 57                              	PUSH	EDI
   815 00000A63 FF 75 08                        	PUSH	DWORD [8+EBP]
   816 00000A66 E8 [00000000]                   	CALL	_boxfill8
   817 00000A6B 83 C4 38                        	ADD	ESP,56
   818 00000A6E 56                              	PUSH	ESI
   819 00000A6F FF 75 EC                        	PUSH	DWORD [-20+EBP]
   820 00000A72 56                              	PUSH	ESI
   821 00000A73 6A 01                           	PUSH	1
   822 00000A75 6A 0F                           	PUSH	15
   823 00000A77 57                              	PUSH	EDI
   824 00000A78 FF 75 08                        	PUSH	DWORD [8+EBP]
   825 00000A7B E8 [00000000]                   	CALL	_boxfill8
   826 00000A80 FF 75 E8                        	PUSH	DWORD [-24+EBP]
   827 00000A83 FF 75 F0                        	PUSH	DWORD [-16+EBP]
   828 00000A86 FF 75 E8                        	PUSH	DWORD [-24+EBP]
   829 00000A89 6A 00                           	PUSH	0
   830 00000A8B 6A 00                           	PUSH	0
   831 00000A8D 57                              	PUSH	EDI
   832 00000A8E FF 75 08                        	PUSH	DWORD [8+EBP]
   833 00000A91 E8 [00000000]                   	CALL	_boxfill8
   834 00000A96 83 C4 38                        	ADD	ESP,56
   835 00000A99 FF 75 14                        	PUSH	DWORD [20+EBP]
   836 00000A9C 6A 07                           	PUSH	7
   837 00000A9E 6A 04                           	PUSH	4
   838 00000AA0 6A 18                           	PUSH	24
   839 00000AA2 57                              	PUSH	EDI
   840 00000AA3 FF 75 08                        	PUSH	DWORD [8+EBP]
   841 00000AA6 E8 [00000000]                   	CALL	_putfonts8_asc
   842 00000AAB 83 C4 18                        	ADD	ESP,24
   843 00000AAE 6B D7 05                        	IMUL	EDX,EDI,5
   844 00000AB1 C7 45 E4 00000000               	MOV	DWORD [-28+EBP],0
   845 00000AB8                                 L64:
   846 00000AB8 8D 04 3A                        	LEA	EAX,DWORD [EDX+EDI*1]
   847 00000ABB 8B 75 08                        	MOV	ESI,DWORD [8+EBP]
   848 00000ABE 31 C9                           	XOR	ECX,ECX
   849 00000AC0 8D 44 06 EB                     	LEA	EAX,DWORD [-21+ESI+EAX*1]
   850 00000AC4                                 L63:
   851 00000AC4 41                              	INC	ECX
   852 00000AC5 C6 00 0C                        	MOV	BYTE [EAX],12
   853 00000AC8 40                              	INC	EAX
   854 00000AC9 83 F9 0F                        	CMP	ECX,15
   855 00000ACC 7E F6                           	JLE	L63
   856 00000ACE 43                              	INC	EBX
   857 00000ACF 01 FA                           	ADD	EDX,EDI
   858 00000AD1 83 45 E4 10                     	ADD	DWORD [-28+EBP],16
   859 00000AD5 83 FB 0D                        	CMP	EBX,13
   860 00000AD8 7E DE                           	JLE	L64
   861 00000ADA 8D 65 F4                        	LEA	ESP,DWORD [-12+EBP]
   862 00000ADD 5B                              	POP	EBX
   863 00000ADE 5E                              	POP	ESI
   864 00000ADF 5F                              	POP	EDI
   865 00000AE0 5D                              	POP	EBP
   866 00000AE1 C3                              	RET
   867 00000AE2                                 	GLOBAL	_putfonts8_asc_sht
   868 00000AE2                                 _putfonts8_asc_sht:
   869 00000AE2 55                              	PUSH	EBP
   870 00000AE3 89 E5                           	MOV	EBP,ESP
   871 00000AE5 57                              	PUSH	EDI
   872 00000AE6 56                              	PUSH	ESI
   873 00000AE7 53                              	PUSH	EBX
   874 00000AE8 83 EC 0C                        	SUB	ESP,12
   875 00000AEB 8B 45 08                        	MOV	EAX,DWORD [8+EBP]
   876 00000AEE 8B 7D 10                        	MOV	EDI,DWORD [16+EBP]
   877 00000AF1 89 45 F0                        	MOV	DWORD [-16+EBP],EAX
   878 00000AF4 8B 5D 14                        	MOV	EBX,DWORD [20+EBP]
   879 00000AF7 8B 45 0C                        	MOV	EAX,DWORD [12+EBP]
   880 00000AFA 89 45 EC                        	MOV	DWORD [-20+EBP],EAX
   881 00000AFD 8B 45 1C                        	MOV	EAX,DWORD [28+EBP]
   882 00000B00 89 45 E8                        	MOV	DWORD [-24+EBP],EAX
   883 00000B03 8D 47 0F                        	LEA	EAX,DWORD [15+EDI]
   884 00000B06 50                              	PUSH	EAX
   885 00000B07 8B 45 EC                        	MOV	EAX,DWORD [-20+EBP]
   886 00000B0A 8B 75 20                        	MOV	ESI,DWORD [32+EBP]
   887 00000B0D 0F BE DB                        	MOVSX	EBX,BL
   888 00000B10 8D 34 F0                        	LEA	ESI,DWORD [EAX+ESI*8]
   889 00000B13 8D 46 FF                        	LEA	EAX,DWORD [-1+ESI]
   890 00000B16 50                              	PUSH	EAX
   891 00000B17 57                              	PUSH	EDI
   892 00000B18 FF 75 EC                        	PUSH	DWORD [-20+EBP]
   893 00000B1B 0F B6 45 18                     	MOVZX	EAX,BYTE [24+EBP]
   894 00000B1F 50                              	PUSH	EAX
   895 00000B20 8B 45 F0                        	MOV	EAX,DWORD [-16+EBP]
   896 00000B23 FF 70 04                        	PUSH	DWORD [4+EAX]
   897 00000B26 FF 30                           	PUSH	DWORD [EAX]
   898 00000B28 E8 [00000000]                   	CALL	_boxfill8
   899 00000B2D FF 75 E8                        	PUSH	DWORD [-24+EBP]
   900 00000B30 53                              	PUSH	EBX
   901 00000B31 57                              	PUSH	EDI
   902 00000B32 FF 75 EC                        	PUSH	DWORD [-20+EBP]
   903 00000B35 8B 45 F0                        	MOV	EAX,DWORD [-16+EBP]
   904 00000B38 FF 70 04                        	PUSH	DWORD [4+EAX]
   905 00000B3B FF 30                           	PUSH	DWORD [EAX]
   906 00000B3D E8 [00000000]                   	CALL	_putfonts8_asc
   907 00000B42 89 7D 10                        	MOV	DWORD [16+EBP],EDI
   908 00000B45 8D 47 10                        	LEA	EAX,DWORD [16+EDI]
   909 00000B48 89 75 14                        	MOV	DWORD [20+EBP],ESI
   910 00000B4B 89 45 18                        	MOV	DWORD [24+EBP],EAX
   911 00000B4E 83 C4 34                        	ADD	ESP,52
   912 00000B51 8B 45 EC                        	MOV	EAX,DWORD [-20+EBP]
   913 00000B54 89 45 0C                        	MOV	DWORD [12+EBP],EAX
   914 00000B57 8B 45 F0                        	MOV	EAX,DWORD [-16+EBP]
   915 00000B5A 89 45 08                        	MOV	DWORD [8+EBP],EAX
   916 00000B5D 8D 65 F4                        	LEA	ESP,DWORD [-12+EBP]
   917 00000B60 5B                              	POP	EBX
   918 00000B61 5E                              	POP	ESI
   919 00000B62 5F                              	POP	EDI
   920 00000B63 5D                              	POP	EBP
   921 00000B64 E9 [00000000]                   	JMP	_sheet_refresh
